2019-02-27 10:54:06.411  INFO 14252 --- [main] c.S.e.EurekaServiceApplication           : The following profiles are active: dev
2019-02-27 10:54:06.425  INFO 14252 --- [main] ationConfigEmbeddedWebApplicationContext : Refreshing org.springframework.boot.context.embedded.AnnotationConfigEmbeddedWebApplicationContext@30b19518: startup date [Wed Feb 27 10:54:06 CST 2019]; parent: org.springframework.context.annotation.AnnotationConfigApplicationContext@3857f613
2019-02-27 10:54:07.186  INFO 14252 --- [main] o.s.cloud.context.scope.GenericScope     : BeanFactory id=a554f5f2-f757-3ed6-b517-eb06426a5ab7
2019-02-27 10:54:07.198  INFO 14252 --- [main] f.a.AutowiredAnnotationBeanPostProcessor : JSR-330 'javax.inject.Inject' annotation found and supported for autowiring
2019-02-27 10:54:07.246  INFO 14252 --- [main] trationDelegate$BeanPostProcessorChecker : Bean 'org.springframework.cloud.autoconfigure.ConfigurationPropertiesRebinderAutoConfiguration' of type [org.springframework.cloud.autoconfigure.ConfigurationPropertiesRebinderAutoConfiguration$$EnhancerBySpringCGLIB$$4e0d55f4] is not eligible for getting processed by all BeanPostProcessors (for example: not eligible for auto-proxying)
2019-02-27 10:54:07.525  INFO 14252 --- [main] s.b.c.e.t.TomcatEmbeddedServletContainer : Tomcat initialized with port(s): 8761 (http)
2019-02-27 10:54:07.545  INFO 14252 --- [main] o.apache.catalina.core.StandardService   : Starting service [Tomcat]
2019-02-27 10:54:07.546  INFO 14252 --- [main] org.apache.catalina.core.StandardEngine  : Starting Servlet Engine: Apache Tomcat/8.5.31
2019-02-27 10:54:07.726  INFO 14252 --- [localhost-startStop-1] o.a.c.c.C.[Tomcat].[localhost].[/]       : Initializing Spring embedded WebApplicationContext
2019-02-27 10:54:07.726  INFO 14252 --- [localhost-startStop-1] o.s.web.context.ContextLoader            : Root WebApplicationContext: initialization completed in 1301 ms
2019-02-27 10:54:08.491  INFO 14252 --- [localhost-startStop-1] o.s.b.w.servlet.FilterRegistrationBean   : Mapping filter: 'metricsFilter' to: [/*]
2019-02-27 10:54:08.491  INFO 14252 --- [localhost-startStop-1] o.s.b.w.servlet.FilterRegistrationBean   : Mapping filter: 'characterEncodingFilter' to: [/*]
2019-02-27 10:54:08.492  INFO 14252 --- [localhost-startStop-1] o.s.b.w.servlet.FilterRegistrationBean   : Mapping filter: 'hiddenHttpMethodFilter' to: [/*]
2019-02-27 10:54:08.492  INFO 14252 --- [localhost-startStop-1] o.s.b.w.servlet.FilterRegistrationBean   : Mapping filter: 'httpPutFormContentFilter' to: [/*]
2019-02-27 10:54:08.492  INFO 14252 --- [localhost-startStop-1] o.s.b.w.servlet.FilterRegistrationBean   : Mapping filter: 'requestContextFilter' to: [/*]
2019-02-27 10:54:08.493  INFO 14252 --- [localhost-startStop-1] .s.DelegatingFilterProxyRegistrationBean : Mapping filter: 'springSecurityFilterChain' to: [/*]
2019-02-27 10:54:08.493  INFO 14252 --- [localhost-startStop-1] o.s.b.w.servlet.FilterRegistrationBean   : Mapping filter: 'webRequestTraceFilter' to: [/*]
2019-02-27 10:54:08.493  INFO 14252 --- [localhost-startStop-1] o.s.b.w.servlet.FilterRegistrationBean   : Mapping filter: 'servletContainer' to urls: [/eureka/*]
2019-02-27 10:54:08.494  INFO 14252 --- [localhost-startStop-1] o.s.b.w.servlet.FilterRegistrationBean   : Mapping filter: 'applicationContextIdFilter' to: [/*]
2019-02-27 10:54:08.494  INFO 14252 --- [localhost-startStop-1] o.s.b.w.servlet.ServletRegistrationBean  : Mapping servlet: 'dispatcherServlet' to [/]
2019-02-27 10:54:08.564  INFO 14252 --- [localhost-startStop-1] c.s.j.s.i.a.WebApplicationImpl           : Initiating Jersey application, version 'Jersey: 1.19.1 03/11/2016 02:08 PM'
2019-02-27 10:54:08.637  INFO 14252 --- [localhost-startStop-1] c.n.d.provider.DiscoveryJerseyProvider   : Using JSON encoding codec LegacyJacksonJson
2019-02-27 10:54:08.638  INFO 14252 --- [localhost-startStop-1] c.n.d.provider.DiscoveryJerseyProvider   : Using JSON decoding codec LegacyJacksonJson
2019-02-27 10:54:08.747  INFO 14252 --- [localhost-startStop-1] c.n.d.provider.DiscoveryJerseyProvider   : Using XML encoding codec XStreamXml
2019-02-27 10:54:08.747  INFO 14252 --- [localhost-startStop-1] c.n.d.provider.DiscoveryJerseyProvider   : Using XML decoding codec XStreamXml
2019-02-27 10:54:09.200  INFO 14252 --- [main] c.n.c.sources.URLConfigurationSource     : URLs to be used as dynamic configuration source: [file:/C:/Users/14905/OneDrive/%e6%96%87%e6%a1%a3/Sugarda/SugardaManagerSystem/eurekaService/target/classes/config.properties]
2019-02-27 10:54:09.210  INFO 14252 --- [main] c.n.c.sources.URLConfigurationSource     : URLs to be used as dynamic configuration source: [file:/C:/Users/14905/OneDrive/%e6%96%87%e6%a1%a3/Sugarda/SugardaManagerSystem/eurekaService/target/classes/config.properties]
2019-02-27 10:54:09.434  INFO 14252 --- [main] s.w.s.m.m.a.RequestMappingHandlerAdapter : Looking for @ControllerAdvice: org.springframework.boot.context.embedded.AnnotationConfigEmbeddedWebApplicationContext@30b19518: startup date [Wed Feb 27 10:54:06 CST 2019]; parent: org.springframework.context.annotation.AnnotationConfigApplicationContext@3857f613
2019-02-27 10:54:09.485  INFO 14252 --- [main] s.w.s.m.m.a.RequestMappingHandlerMapping : Mapped "{[/error]}" onto public org.springframework.http.ResponseEntity<java.util.Map<java.lang.String, java.lang.Object>> org.springframework.boot.autoconfigure.web.BasicErrorController.error(javax.servlet.http.HttpServletRequest)
2019-02-27 10:54:09.486  INFO 14252 --- [main] s.w.s.m.m.a.RequestMappingHandlerMapping : Mapped "{[/error],produces=[text/html]}" onto public org.springframework.web.servlet.ModelAndView org.springframework.boot.autoconfigure.web.BasicErrorController.errorHtml(javax.servlet.http.HttpServletRequest,javax.servlet.http.HttpServletResponse)
2019-02-27 10:54:09.491  INFO 14252 --- [main] s.w.s.m.m.a.RequestMappingHandlerMapping : Mapped "{[/],methods=[GET]}" onto public java.lang.String org.springframework.cloud.netflix.eureka.server.EurekaController.status(javax.servlet.http.HttpServletRequest,java.util.Map<java.lang.String, java.lang.Object>)
2019-02-27 10:54:09.491  INFO 14252 --- [main] s.w.s.m.m.a.RequestMappingHandlerMapping : Mapped "{[/lastn],methods=[GET]}" onto public java.lang.String org.springframework.cloud.netflix.eureka.server.EurekaController.lastn(javax.servlet.http.HttpServletRequest,java.util.Map<java.lang.String, java.lang.Object>)
2019-02-27 10:54:09.514  INFO 14252 --- [main] o.s.w.s.handler.SimpleUrlHandlerMapping  : Mapped URL path [/webjars/**] onto handler of type [class org.springframework.web.servlet.resource.ResourceHttpRequestHandler]
2019-02-27 10:54:09.514  INFO 14252 --- [main] o.s.w.s.handler.SimpleUrlHandlerMapping  : Mapped URL path [/**] onto handler of type [class org.springframework.web.servlet.resource.ResourceHttpRequestHandler]
2019-02-27 10:54:09.551  INFO 14252 --- [main] o.s.w.s.handler.SimpleUrlHandlerMapping  : Mapped URL path [/**/favicon.ico] onto handler of type [class org.springframework.web.servlet.resource.ResourceHttpRequestHandler]
2019-02-27 10:54:10.326  INFO 14252 --- [main] o.s.s.web.DefaultSecurityFilterChain     : Creating filter chain: OrRequestMatcher [requestMatchers=[Ant [pattern='/css/**'], Ant [pattern='/js/**'], Ant [pattern='/images/**'], Ant [pattern='/webjars/**'], Ant [pattern='/**/favicon.ico'], Ant [pattern='/error']]], []
2019-02-27 10:54:10.581  INFO 14252 --- [main] o.s.b.a.e.mvc.EndpointHandlerMapping     : Mapped "{[/beans || /beans.json],methods=[GET],produces=[application/vnd.spring-boot.actuator.v1+json || application/json]}" onto public java.lang.Object org.springframework.boot.actuate.endpoint.mvc.EndpointMvcAdapter.invoke()
2019-02-27 10:54:10.582  INFO 14252 --- [main] o.s.b.a.e.mvc.EndpointHandlerMapping     : Mapped "{[/health || /health.json],methods=[GET],produces=[application/vnd.spring-boot.actuator.v1+json || application/json]}" onto public java.lang.Object org.springframework.boot.actuate.endpoint.mvc.HealthMvcEndpoint.invoke(javax.servlet.http.HttpServletRequest,java.security.Principal)
2019-02-27 10:54:10.583  INFO 14252 --- [main] o.s.b.a.e.mvc.EndpointHandlerMapping     : Mapped "{[/env/{name:.*}],methods=[GET],produces=[application/vnd.spring-boot.actuator.v1+json || application/json]}" onto public java.lang.Object org.springframework.boot.actuate.endpoint.mvc.EnvironmentMvcEndpoint.value(java.lang.String)
2019-02-27 10:54:10.583  INFO 14252 --- [main] o.s.b.a.e.mvc.EndpointHandlerMapping     : Mapped "{[/env || /env.json],methods=[GET],produces=[application/vnd.spring-boot.actuator.v1+json || application/json]}" onto public java.lang.Object org.springframework.boot.actuate.endpoint.mvc.EndpointMvcAdapter.invoke()
2019-02-27 10:54:10.584  INFO 14252 --- [main] o.s.b.a.e.mvc.EndpointHandlerMapping     : Mapped "{[/archaius || /archaius.json],methods=[GET],produces=[application/vnd.spring-boot.actuator.v1+json || application/json]}" onto public java.lang.Object org.springframework.boot.actuate.endpoint.mvc.EndpointMvcAdapter.invoke()
2019-02-27 10:54:10.585  INFO 14252 --- [main] o.s.b.a.e.mvc.EndpointHandlerMapping     : Mapped "{[/auditevents || /auditevents.json],methods=[GET],produces=[application/vnd.spring-boot.actuator.v1+json || application/json]}" onto public org.springframework.http.ResponseEntity<?> org.springframework.boot.actuate.endpoint.mvc.AuditEventsMvcEndpoint.findByPrincipalAndAfterAndType(java.lang.String,java.util.Date,java.lang.String)
2019-02-27 10:54:10.585  INFO 14252 --- [main] o.s.b.a.e.mvc.EndpointHandlerMapping     : Mapped "{[/mappings || /mappings.json],methods=[GET],produces=[application/vnd.spring-boot.actuator.v1+json || application/json]}" onto public java.lang.Object org.springframework.boot.actuate.endpoint.mvc.EndpointMvcAdapter.invoke()
2019-02-27 10:54:10.587  INFO 14252 --- [main] o.s.b.a.e.mvc.EndpointHandlerMapping     : Mapped "{[/metrics/{name:.*}],methods=[GET],produces=[application/vnd.spring-boot.actuator.v1+json || application/json]}" onto public java.lang.Object org.springframework.boot.actuate.endpoint.mvc.MetricsMvcEndpoint.value(java.lang.String)
2019-02-27 10:54:10.588  INFO 14252 --- [main] o.s.b.a.e.mvc.EndpointHandlerMapping     : Mapped "{[/metrics || /metrics.json],methods=[GET],produces=[application/vnd.spring-boot.actuator.v1+json || application/json]}" onto public java.lang.Object org.springframework.boot.actuate.endpoint.mvc.EndpointMvcAdapter.invoke()
2019-02-27 10:54:10.589  INFO 14252 --- [main] o.s.b.a.e.mvc.EndpointHandlerMapping     : Mapped "{[/heapdump || /heapdump.json],methods=[GET],produces=[application/octet-stream]}" onto public void org.springframework.boot.actuate.endpoint.mvc.HeapdumpMvcEndpoint.invoke(boolean,javax.servlet.http.HttpServletRequest,javax.servlet.http.HttpServletResponse) throws java.io.IOException,javax.servlet.ServletException
2019-02-27 10:54:10.591  INFO 14252 --- [main] o.s.b.a.e.mvc.EndpointHandlerMapping     : Mapped "{[/loggers/{name:.*}],methods=[GET],produces=[application/vnd.spring-boot.actuator.v1+json || application/json]}" onto public java.lang.Object org.springframework.boot.actuate.endpoint.mvc.LoggersMvcEndpoint.get(java.lang.String)
2019-02-27 10:54:10.591  INFO 14252 --- [main] o.s.b.a.e.mvc.EndpointHandlerMapping     : Mapped "{[/loggers/{name:.*}],methods=[POST],consumes=[application/vnd.spring-boot.actuator.v1+json || application/json],produces=[application/vnd.spring-boot.actuator.v1+json || application/json]}" onto public java.lang.Object org.springframework.boot.actuate.endpoint.mvc.LoggersMvcEndpoint.set(java.lang.String,java.util.Map<java.lang.String, java.lang.String>)
2019-02-27 10:54:10.592  INFO 14252 --- [main] o.s.b.a.e.mvc.EndpointHandlerMapping     : Mapped "{[/loggers || /loggers.json],methods=[GET],produces=[application/vnd.spring-boot.actuator.v1+json || application/json]}" onto public java.lang.Object org.springframework.boot.actuate.endpoint.mvc.EndpointMvcAdapter.invoke()
2019-02-27 10:54:10.592  INFO 14252 --- [main] o.s.b.a.e.mvc.EndpointHandlerMapping     : Mapped "{[/refresh || /refresh.json],methods=[POST]}" onto public java.lang.Object org.springframework.cloud.endpoint.GenericPostableMvcEndpoint.invoke()
2019-02-27 10:54:10.592  INFO 14252 --- [main] o.s.b.a.e.mvc.EndpointHandlerMapping     : Mapped "{[/service-registry/instance-status],methods=[POST]}" onto public org.springframework.http.ResponseEntity<?> org.springframework.cloud.client.serviceregistry.endpoint.ServiceRegistryEndpoint.setStatus(java.lang.String)
2019-02-27 10:54:10.592  INFO 14252 --- [main] o.s.b.a.e.mvc.EndpointHandlerMapping     : Mapped "{[/service-registry/instance-status],methods=[GET]}" onto public org.springframework.http.ResponseEntity org.springframework.cloud.client.serviceregistry.endpoint.ServiceRegistryEndpoint.getStatus()
2019-02-27 10:54:10.593  INFO 14252 --- [main] o.s.b.a.e.mvc.EndpointHandlerMapping     : Mapped "{[/logfile || /logfile.json],methods=[GET || HEAD]}" onto public void org.springframework.boot.actuate.endpoint.mvc.LogFileMvcEndpoint.invoke(javax.servlet.http.HttpServletRequest,javax.servlet.http.HttpServletResponse) throws javax.servlet.ServletException,java.io.IOException
2019-02-27 10:54:10.594  INFO 14252 --- [main] o.s.b.a.e.mvc.EndpointHandlerMapping     : Mapped "{[/trace || /trace.json],methods=[GET],produces=[application/vnd.spring-boot.actuator.v1+json || application/json]}" onto public java.lang.Object org.springframework.boot.actuate.endpoint.mvc.EndpointMvcAdapter.invoke()
2019-02-27 10:54:10.594  INFO 14252 --- [main] o.s.b.a.e.mvc.EndpointHandlerMapping     : Mapped "{[/env],methods=[POST]}" onto public java.lang.Object org.springframework.cloud.context.environment.EnvironmentManagerMvcEndpoint.value(java.util.Map<java.lang.String, java.lang.String>)
2019-02-27 10:54:10.594  INFO 14252 --- [main] o.s.b.a.e.mvc.EndpointHandlerMapping     : Mapped "{[/env/reset],methods=[POST]}" onto public java.util.Map<java.lang.String, java.lang.Object> org.springframework.cloud.context.environment.EnvironmentManagerMvcEndpoint.reset()
2019-02-27 10:54:10.595  INFO 14252 --- [main] o.s.b.a.e.mvc.EndpointHandlerMapping     : Mapped "{[/dump || /dump.json],methods=[GET],produces=[application/vnd.spring-boot.actuator.v1+json || application/json]}" onto public java.lang.Object org.springframework.boot.actuate.endpoint.mvc.EndpointMvcAdapter.invoke()
2019-02-27 10:54:10.595  INFO 14252 --- [main] o.s.b.a.e.mvc.EndpointHandlerMapping     : Mapped "{[/info || /info.json],methods=[GET],produces=[application/vnd.spring-boot.actuator.v1+json || application/json]}" onto public java.lang.Object org.springframework.boot.actuate.endpoint.mvc.EndpointMvcAdapter.invoke()
2019-02-27 10:54:10.595  INFO 14252 --- [main] o.s.b.a.e.mvc.EndpointHandlerMapping     : Mapped "{[/features || /features.json],methods=[GET],produces=[application/vnd.spring-boot.actuator.v1+json || application/json]}" onto public java.lang.Object org.springframework.boot.actuate.endpoint.mvc.EndpointMvcAdapter.invoke()
2019-02-27 10:54:10.596  INFO 14252 --- [main] o.s.b.a.e.mvc.EndpointHandlerMapping     : Mapped "{[/autoconfig || /autoconfig.json],methods=[GET],produces=[application/vnd.spring-boot.actuator.v1+json || application/json]}" onto public java.lang.Object org.springframework.boot.actuate.endpoint.mvc.EndpointMvcAdapter.invoke()
2019-02-27 10:54:10.596  INFO 14252 --- [main] o.s.b.a.e.mvc.EndpointHandlerMapping     : Mapped "{[/configprops || /configprops.json],methods=[GET],produces=[application/vnd.spring-boot.actuator.v1+json || application/json]}" onto public java.lang.Object org.springframework.boot.actuate.endpoint.mvc.EndpointMvcAdapter.invoke()
2019-02-27 10:54:10.597  INFO 14252 --- [main] o.s.s.web.DefaultSecurityFilterChain     : Creating filter chain: org.springframework.boot.actuate.autoconfigure.ManagementWebSecurityAutoConfiguration$LazyEndpointPathRequestMatcher@76cf841, [org.springframework.security.web.context.request.async.WebAsyncManagerIntegrationFilter@297c9a9b, org.springframework.security.web.context.SecurityContextPersistenceFilter@798dad3d, org.springframework.security.web.header.HeaderWriterFilter@1163a27, org.springframework.web.filter.CorsFilter@20999517, org.springframework.security.web.authentication.logout.LogoutFilter@158ae284, org.springframework.security.web.authentication.www.BasicAuthenticationFilter@18a19e, org.springframework.security.web.savedrequest.RequestCacheAwareFilter@696db620, org.springframework.security.web.servletapi.SecurityContextHolderAwareRequestFilter@e784320, org.springframework.security.web.authentication.AnonymousAuthenticationFilter@6ec63f8, org.springframework.security.web.session.SessionManagementFilter@1319bc2a, org.springframework.security.web.access.ExceptionTranslationFilter@1642eeae, org.springframework.security.web.access.intercept.FilterSecurityInterceptor@6a5e167a]
2019-02-27 10:54:10.599  INFO 14252 --- [main] o.s.s.web.DefaultSecurityFilterChain     : Creating filter chain: OrRequestMatcher [requestMatchers=[Ant [pattern='/**']]], [org.springframework.security.web.context.request.async.WebAsyncManagerIntegrationFilter@2b4d4327, org.springframework.security.web.context.SecurityContextPersistenceFilter@7645f03e, org.springframework.security.web.header.HeaderWriterFilter@173f1614, org.springframework.security.web.authentication.logout.LogoutFilter@54b2fc58, org.springframework.security.web.authentication.www.BasicAuthenticationFilter@daf22f0, org.springframework.security.web.savedrequest.RequestCacheAwareFilter@158e9f6e, org.springframework.security.web.servletapi.SecurityContextHolderAwareRequestFilter@7a6ea47d, org.springframework.security.web.authentication.AnonymousAuthenticationFilter@16da1abc, org.springframework.security.web.session.SessionManagementFilter@6c184d4d, org.springframework.security.web.access.ExceptionTranslationFilter@51a651c1, org.springframework.security.web.access.intercept.FilterSecurityInterceptor@5f34907b]
2019-02-27 10:54:10.803  INFO 14252 --- [main] o.s.ui.freemarker.SpringTemplateLoader   : SpringTemplateLoader for FreeMarker: using resource loader [org.springframework.boot.context.embedded.AnnotationConfigEmbeddedWebApplicationContext@30b19518: startup date [Wed Feb 27 10:54:06 CST 2019]; parent: org.springframework.context.annotation.AnnotationConfigApplicationContext@3857f613] and template loader path [classpath:/templates/]
2019-02-27 10:54:10.804  INFO 14252 --- [main] o.s.w.s.v.f.FreeMarkerConfigurer         : ClassTemplateLoader for Spring macros added to FreeMarker configuration
2019-02-27 10:54:10.930  INFO 14252 --- [main] o.s.c.n.eureka.InstanceInfoFactory       : Setting initial instance status as: STARTING
2019-02-27 10:54:10.963  INFO 14252 --- [main] com.netflix.discovery.DiscoveryClient    : Initializing Eureka in region us-east-1
2019-02-27 10:54:10.963  INFO 14252 --- [main] com.netflix.discovery.DiscoveryClient    : Client configured to neither register nor query for data.
2019-02-27 10:54:10.971  INFO 14252 --- [main] com.netflix.discovery.DiscoveryClient    : Discovery Client initialized at timestamp 1551236050971 with initial instances count: 0
2019-02-27 10:54:11.013  INFO 14252 --- [main] c.n.eureka.DefaultEurekaServerContext    : Initializing ...
2019-02-27 10:54:11.014  INFO 14252 --- [main] c.n.eureka.cluster.PeerEurekaNodes       : Adding new peer nodes [http://localhost:8761/eureka/]
2019-02-27 10:54:11.267  INFO 14252 --- [main] c.n.d.provider.DiscoveryJerseyProvider   : Using JSON encoding codec LegacyJacksonJson
2019-02-27 10:54:11.267  INFO 14252 --- [main] c.n.d.provider.DiscoveryJerseyProvider   : Using JSON decoding codec LegacyJacksonJson
2019-02-27 10:54:11.267  INFO 14252 --- [main] c.n.d.provider.DiscoveryJerseyProvider   : Using XML encoding codec XStreamXml
2019-02-27 10:54:11.267  INFO 14252 --- [main] c.n.d.provider.DiscoveryJerseyProvider   : Using XML decoding codec XStreamXml
2019-02-27 10:54:11.358  INFO 14252 --- [main] c.n.eureka.cluster.PeerEurekaNodes       : Replica node URL:  http://localhost:8761/eureka/
2019-02-27 10:54:11.365  INFO 14252 --- [main] c.n.e.registry.AbstractInstanceRegistry  : Finished initializing remote region registries. All known remote regions: []
2019-02-27 10:54:11.366  INFO 14252 --- [main] c.n.eureka.DefaultEurekaServerContext    : Initialized
2019-02-27 10:54:11.440  INFO 14252 --- [main] o.s.j.e.a.AnnotationMBeanExporter        : Registering beans for JMX exposure on startup
2019-02-27 10:54:11.450  INFO 14252 --- [main] o.s.j.e.a.AnnotationMBeanExporter        : Bean with name 'configurationPropertiesRebinder' has been autodetected for JMX exposure
2019-02-27 10:54:11.451  INFO 14252 --- [main] o.s.j.e.a.AnnotationMBeanExporter        : Bean with name 'refreshEndpoint' has been autodetected for JMX exposure
2019-02-27 10:54:11.451  INFO 14252 --- [main] o.s.j.e.a.AnnotationMBeanExporter        : Bean with name 'environmentManager' has been autodetected for JMX exposure
2019-02-27 10:54:11.452  INFO 14252 --- [main] o.s.j.e.a.AnnotationMBeanExporter        : Bean with name 'serviceRegistryEndpoint' has been autodetected for JMX exposure
2019-02-27 10:54:11.452  INFO 14252 --- [main] o.s.j.e.a.AnnotationMBeanExporter        : Bean with name 'refreshScope' has been autodetected for JMX exposure
2019-02-27 10:54:11.454  INFO 14252 --- [main] o.s.j.e.a.AnnotationMBeanExporter        : Located managed bean 'environmentManager': registering with JMX server as MBean [org.springframework.cloud.context.environment:name=environmentManager,type=EnvironmentManager]
2019-02-27 10:54:11.466  INFO 14252 --- [main] o.s.j.e.a.AnnotationMBeanExporter        : Located managed bean 'serviceRegistryEndpoint': registering with JMX server as MBean [org.springframework.cloud.client.serviceregistry.endpoint:name=serviceRegistryEndpoint,type=ServiceRegistryEndpoint]
2019-02-27 10:54:11.471  INFO 14252 --- [main] o.s.j.e.a.AnnotationMBeanExporter        : Located managed bean 'refreshScope': registering with JMX server as MBean [org.springframework.cloud.context.scope.refresh:name=refreshScope,type=RefreshScope]
2019-02-27 10:54:11.483  INFO 14252 --- [main] o.s.j.e.a.AnnotationMBeanExporter        : Located managed bean 'configurationPropertiesRebinder': registering with JMX server as MBean [org.springframework.cloud.context.properties:name=configurationPropertiesRebinder,context=30b19518,type=ConfigurationPropertiesRebinder]
2019-02-27 10:54:11.487  INFO 14252 --- [main] o.s.j.e.a.AnnotationMBeanExporter        : Located managed bean 'refreshEndpoint': registering with JMX server as MBean [org.springframework.cloud.endpoint:name=refreshEndpoint,type=RefreshEndpoint]
2019-02-27 10:54:11.498  INFO 14252 --- [main] o.s.c.support.DefaultLifecycleProcessor  : Starting beans in phase 0
2019-02-27 10:54:11.503  INFO 14252 --- [main] o.s.c.n.e.s.EurekaServiceRegistry        : Registering application EUREKA-SERVICE with eureka with status UP
2019-02-27 10:54:11.538  INFO 14252 --- [Thread-24] o.s.c.n.e.server.EurekaServerBootstrap   : Setting the eureka configuration..
2019-02-27 10:54:11.538  INFO 14252 --- [Thread-24] o.s.c.n.e.server.EurekaServerBootstrap   : Eureka data center value eureka.datacenter is not set, defaulting to default
2019-02-27 10:54:11.538  INFO 14252 --- [Thread-24] o.s.c.n.e.server.EurekaServerBootstrap   : Eureka environment value eureka.environment is not set, defaulting to test
2019-02-27 10:54:11.548  INFO 14252 --- [Thread-24] o.s.c.n.e.server.EurekaServerBootstrap   : isAws returned false
2019-02-27 10:54:11.548  INFO 14252 --- [Thread-24] o.s.c.n.e.server.EurekaServerBootstrap   : Initialized server context
2019-02-27 10:54:11.549  INFO 14252 --- [Thread-24] c.n.e.r.PeerAwareInstanceRegistryImpl    : Got 1 instances from neighboring DS node
2019-02-27 10:54:11.549  INFO 14252 --- [Thread-24] c.n.e.r.PeerAwareInstanceRegistryImpl    : Renew threshold is: 1
2019-02-27 10:54:11.549  INFO 14252 --- [Thread-24] c.n.e.r.PeerAwareInstanceRegistryImpl    : Changing status to UP
2019-02-27 10:54:11.556  INFO 14252 --- [Thread-24] e.s.EurekaServerInitializerConfiguration : Started Eureka Server
2019-02-27 10:54:11.578  INFO 14252 --- [main] s.b.c.e.t.TomcatEmbeddedServletContainer : Tomcat started on port(s): 8761 (http)
2019-02-27 10:54:11.579  INFO 14252 --- [main] .s.c.n.e.s.EurekaAutoServiceRegistration : Updating port to 8761
2019-02-27 10:54:11.583  INFO 14252 --- [main] c.S.e.EurekaServiceApplication           : Started EurekaServiceApplication in 6.643 seconds (JVM running for 7.886)
2019-02-27 10:54:34.774  INFO 14252 --- [http-nio-8761-exec-1] o.a.c.c.C.[Tomcat].[localhost].[/]       : Initializing Spring FrameworkServlet 'dispatcherServlet'
2019-02-27 10:54:34.774  INFO 14252 --- [http-nio-8761-exec-1] o.s.web.servlet.DispatcherServlet        : FrameworkServlet 'dispatcherServlet': initialization started
2019-02-27 10:54:34.801  INFO 14252 --- [http-nio-8761-exec-1] o.s.web.servlet.DispatcherServlet        : FrameworkServlet 'dispatcherServlet': initialization completed in 27 ms
2019-02-27 10:54:35.001  INFO 14252 --- [http-nio-8761-exec-2] c.n.e.registry.AbstractInstanceRegistry  : Registered instance CONFIG-SERVICE/192.168.0.13:CONFIG-SERVICE:8888 with status UP (replication=false)
2019-02-27 10:54:35.652 ERROR 14252 --- [TaskBatchingWorker-target_localhost-2] c.n.e.cluster.ReplicationTaskProcessor   : Batch update failure with HTTP status code 401; discarding 1 replication tasks
2019-02-27 10:54:35.652  WARN 14252 --- [TaskBatchingWorker-target_localhost-2] c.n.eureka.util.batcher.TaskExecutors    : Discarding 1 tasks of TaskBatchingWorker-target_localhost-2 due to permanent error
2019-02-27 10:54:58.357  INFO 14252 --- [http-nio-8761-exec-7] c.n.e.registry.AbstractInstanceRegistry  : Registered instance UAA-SERVICE/192.168.0.13:UAA-SERVICE:8001 with status UP (replication=false)
2019-02-27 10:54:58.878 ERROR 14252 --- [TaskBatchingWorker-target_localhost-14] c.n.e.cluster.ReplicationTaskProcessor   : Batch update failure with HTTP status code 401; discarding 1 replication tasks
2019-02-27 10:54:58.878  WARN 14252 --- [TaskBatchingWorker-target_localhost-14] c.n.eureka.util.batcher.TaskExecutors    : Discarding 1 tasks of TaskBatchingWorker-target_localhost-14 due to permanent error
2019-02-27 10:55:05.454 ERROR 14252 --- [TaskBatchingWorker-target_localhost-2] c.n.e.cluster.ReplicationTaskProcessor   : Batch update failure with HTTP status code 401; discarding 1 replication tasks
2019-02-27 10:55:05.454  WARN 14252 --- [TaskBatchingWorker-target_localhost-2] c.n.eureka.util.batcher.TaskExecutors    : Discarding 1 tasks of TaskBatchingWorker-target_localhost-2 due to permanent error
2019-02-27 10:55:11.551  INFO 14252 --- [Eureka-EvictionTimer] c.n.e.registry.AbstractInstanceRegistry  : Running the evict task with compensationTime 0ms
2019-02-27 10:55:16.904  INFO 14252 --- [http-nio-8761-exec-7] c.n.e.registry.AbstractInstanceRegistry  : Registered instance UAA-SERVICE/192.168.0.13:UAA-SERVICE:8001 with status UP (replication=false)
2019-02-27 10:55:17.421 ERROR 14252 --- [TaskBatchingWorker-target_localhost-2] c.n.e.cluster.ReplicationTaskProcessor   : Batch update failure with HTTP status code 401; discarding 1 replication tasks
2019-02-27 10:55:17.422  WARN 14252 --- [TaskBatchingWorker-target_localhost-2] c.n.eureka.util.batcher.TaskExecutors    : Discarding 1 tasks of TaskBatchingWorker-target_localhost-2 due to permanent error
2019-02-27 10:55:35.421 ERROR 14252 --- [TaskBatchingWorker-target_localhost-2] c.n.e.cluster.ReplicationTaskProcessor   : Batch update failure with HTTP status code 401; discarding 1 replication tasks
2019-02-27 10:55:35.422  WARN 14252 --- [TaskBatchingWorker-target_localhost-2] c.n.eureka.util.batcher.TaskExecutors    : Discarding 1 tasks of TaskBatchingWorker-target_localhost-2 due to permanent error
2019-02-27 10:55:47.386 ERROR 14252 --- [TaskBatchingWorker-target_localhost-11] c.n.e.cluster.ReplicationTaskProcessor   : Batch update failure with HTTP status code 401; discarding 1 replication tasks
2019-02-27 10:55:47.386  WARN 14252 --- [TaskBatchingWorker-target_localhost-11] c.n.eureka.util.batcher.TaskExecutors    : Discarding 1 tasks of TaskBatchingWorker-target_localhost-11 due to permanent error
2019-02-27 10:56:05.434 ERROR 14252 --- [TaskBatchingWorker-target_localhost-2] c.n.e.cluster.ReplicationTaskProcessor   : Batch update failure with HTTP status code 401; discarding 1 replication tasks
2019-02-27 10:56:05.435  WARN 14252 --- [TaskBatchingWorker-target_localhost-2] c.n.eureka.util.batcher.TaskExecutors    : Discarding 1 tasks of TaskBatchingWorker-target_localhost-2 due to permanent error
2019-02-27 10:56:11.551  INFO 14252 --- [Eureka-EvictionTimer] c.n.e.registry.AbstractInstanceRegistry  : Running the evict task with compensationTime 0ms
2019-02-27 10:56:17.398 ERROR 14252 --- [TaskBatchingWorker-target_localhost-11] c.n.e.cluster.ReplicationTaskProcessor   : Batch update failure with HTTP status code 401; discarding 1 replication tasks
2019-02-27 10:56:17.400  WARN 14252 --- [TaskBatchingWorker-target_localhost-11] c.n.eureka.util.batcher.TaskExecutors    : Discarding 1 tasks of TaskBatchingWorker-target_localhost-11 due to permanent error
2019-02-27 10:56:35.440 ERROR 14252 --- [TaskBatchingWorker-target_localhost-2] c.n.e.cluster.ReplicationTaskProcessor   : Batch update failure with HTTP status code 401; discarding 1 replication tasks
2019-02-27 10:56:35.441  WARN 14252 --- [TaskBatchingWorker-target_localhost-2] c.n.eureka.util.batcher.TaskExecutors    : Discarding 1 tasks of TaskBatchingWorker-target_localhost-2 due to permanent error
2019-02-27 10:56:47.400 ERROR 14252 --- [TaskBatchingWorker-target_localhost-11] c.n.e.cluster.ReplicationTaskProcessor   : Batch update failure with HTTP status code 401; discarding 1 replication tasks
2019-02-27 10:56:47.400  WARN 14252 --- [TaskBatchingWorker-target_localhost-11] c.n.eureka.util.batcher.TaskExecutors    : Discarding 1 tasks of TaskBatchingWorker-target_localhost-11 due to permanent error
2019-02-27 10:57:05.454 ERROR 14252 --- [TaskBatchingWorker-target_localhost-2] c.n.e.cluster.ReplicationTaskProcessor   : Batch update failure with HTTP status code 401; discarding 1 replication tasks
2019-02-27 10:57:05.455  WARN 14252 --- [TaskBatchingWorker-target_localhost-2] c.n.eureka.util.batcher.TaskExecutors    : Discarding 1 tasks of TaskBatchingWorker-target_localhost-2 due to permanent error
2019-02-27 10:57:11.551  INFO 14252 --- [Eureka-EvictionTimer] c.n.e.registry.AbstractInstanceRegistry  : Running the evict task with compensationTime 0ms
2019-02-27 10:57:17.415 ERROR 14252 --- [TaskBatchingWorker-target_localhost-11] c.n.e.cluster.ReplicationTaskProcessor   : Batch update failure with HTTP status code 401; discarding 1 replication tasks
2019-02-27 10:57:17.415  WARN 14252 --- [TaskBatchingWorker-target_localhost-11] c.n.eureka.util.batcher.TaskExecutors    : Discarding 1 tasks of TaskBatchingWorker-target_localhost-11 due to permanent error
2019-02-27 10:57:35.464 ERROR 14252 --- [TaskBatchingWorker-target_localhost-5] c.n.e.cluster.ReplicationTaskProcessor   : Batch update failure with HTTP status code 401; discarding 1 replication tasks
2019-02-27 10:57:35.465  WARN 14252 --- [TaskBatchingWorker-target_localhost-5] c.n.eureka.util.batcher.TaskExecutors    : Discarding 1 tasks of TaskBatchingWorker-target_localhost-5 due to permanent error
2019-02-27 10:57:47.416 ERROR 14252 --- [TaskBatchingWorker-target_localhost-11] c.n.e.cluster.ReplicationTaskProcessor   : Batch update failure with HTTP status code 401; discarding 1 replication tasks
2019-02-27 10:57:47.416  WARN 14252 --- [TaskBatchingWorker-target_localhost-11] c.n.eureka.util.batcher.TaskExecutors    : Discarding 1 tasks of TaskBatchingWorker-target_localhost-11 due to permanent error
2019-02-27 10:58:05.459 ERROR 14252 --- [TaskBatchingWorker-target_localhost-10] c.n.e.cluster.ReplicationTaskProcessor   : Batch update failure with HTTP status code 401; discarding 1 replication tasks
2019-02-27 10:58:05.460  WARN 14252 --- [TaskBatchingWorker-target_localhost-10] c.n.eureka.util.batcher.TaskExecutors    : Discarding 1 tasks of TaskBatchingWorker-target_localhost-10 due to permanent error
2019-02-27 10:58:11.552  INFO 14252 --- [Eureka-EvictionTimer] c.n.e.registry.AbstractInstanceRegistry  : Running the evict task with compensationTime 0ms
2019-02-27 10:58:17.430 ERROR 14252 --- [TaskBatchingWorker-target_localhost-11] c.n.e.cluster.ReplicationTaskProcessor   : Batch update failure with HTTP status code 401; discarding 1 replication tasks
2019-02-27 10:58:17.431  WARN 14252 --- [TaskBatchingWorker-target_localhost-11] c.n.eureka.util.batcher.TaskExecutors    : Discarding 1 tasks of TaskBatchingWorker-target_localhost-11 due to permanent error
2019-02-27 10:58:35.477 ERROR 14252 --- [TaskBatchingWorker-target_localhost-10] c.n.e.cluster.ReplicationTaskProcessor   : Batch update failure with HTTP status code 401; discarding 1 replication tasks
2019-02-27 10:58:35.478  WARN 14252 --- [TaskBatchingWorker-target_localhost-10] c.n.eureka.util.batcher.TaskExecutors    : Discarding 1 tasks of TaskBatchingWorker-target_localhost-10 due to permanent error
2019-02-27 10:58:47.437 ERROR 14252 --- [TaskBatchingWorker-target_localhost-11] c.n.e.cluster.ReplicationTaskProcessor   : Batch update failure with HTTP status code 401; discarding 1 replication tasks
2019-02-27 10:58:47.437  WARN 14252 --- [TaskBatchingWorker-target_localhost-11] c.n.eureka.util.batcher.TaskExecutors    : Discarding 1 tasks of TaskBatchingWorker-target_localhost-11 due to permanent error
2019-02-27 10:59:05.478 ERROR 14252 --- [TaskBatchingWorker-target_localhost-10] c.n.e.cluster.ReplicationTaskProcessor   : Batch update failure with HTTP status code 401; discarding 1 replication tasks
2019-02-27 10:59:05.479  WARN 14252 --- [TaskBatchingWorker-target_localhost-10] c.n.eureka.util.batcher.TaskExecutors    : Discarding 1 tasks of TaskBatchingWorker-target_localhost-10 due to permanent error
2019-02-27 10:59:11.552  INFO 14252 --- [Eureka-EvictionTimer] c.n.e.registry.AbstractInstanceRegistry  : Running the evict task with compensationTime 0ms
2019-02-27 10:59:17.442 ERROR 14252 --- [TaskBatchingWorker-target_localhost-11] c.n.e.cluster.ReplicationTaskProcessor   : Batch update failure with HTTP status code 401; discarding 1 replication tasks
2019-02-27 10:59:17.443  WARN 14252 --- [TaskBatchingWorker-target_localhost-11] c.n.eureka.util.batcher.TaskExecutors    : Discarding 1 tasks of TaskBatchingWorker-target_localhost-11 due to permanent error
2019-02-27 10:59:35.494 ERROR 14252 --- [TaskBatchingWorker-target_localhost-10] c.n.e.cluster.ReplicationTaskProcessor   : Batch update failure with HTTP status code 401; discarding 1 replication tasks
2019-02-27 10:59:35.495  WARN 14252 --- [TaskBatchingWorker-target_localhost-10] c.n.eureka.util.batcher.TaskExecutors    : Discarding 1 tasks of TaskBatchingWorker-target_localhost-10 due to permanent error
2019-02-27 10:59:47.456 ERROR 14252 --- [TaskBatchingWorker-target_localhost-11] c.n.e.cluster.ReplicationTaskProcessor   : Batch update failure with HTTP status code 401; discarding 1 replication tasks
2019-02-27 10:59:47.456  WARN 14252 --- [TaskBatchingWorker-target_localhost-11] c.n.eureka.util.batcher.TaskExecutors    : Discarding 1 tasks of TaskBatchingWorker-target_localhost-11 due to permanent error
2019-02-27 11:00:05.492 ERROR 14252 --- [TaskBatchingWorker-target_localhost-10] c.n.e.cluster.ReplicationTaskProcessor   : Batch update failure with HTTP status code 401; discarding 1 replication tasks
2019-02-27 11:00:05.493  WARN 14252 --- [TaskBatchingWorker-target_localhost-10] c.n.eureka.util.batcher.TaskExecutors    : Discarding 1 tasks of TaskBatchingWorker-target_localhost-10 due to permanent error
2019-02-27 11:00:11.552  INFO 14252 --- [Eureka-EvictionTimer] c.n.e.registry.AbstractInstanceRegistry  : Running the evict task with compensationTime 0ms
2019-02-27 11:00:17.470 ERROR 14252 --- [TaskBatchingWorker-target_localhost-11] c.n.e.cluster.ReplicationTaskProcessor   : Batch update failure with HTTP status code 401; discarding 1 replication tasks
2019-02-27 11:00:17.471  WARN 14252 --- [TaskBatchingWorker-target_localhost-11] c.n.eureka.util.batcher.TaskExecutors    : Discarding 1 tasks of TaskBatchingWorker-target_localhost-11 due to permanent error
2019-02-27 11:00:35.501 ERROR 14252 --- [TaskBatchingWorker-target_localhost-10] c.n.e.cluster.ReplicationTaskProcessor   : Batch update failure with HTTP status code 401; discarding 1 replication tasks
2019-02-27 11:00:35.502  WARN 14252 --- [TaskBatchingWorker-target_localhost-10] c.n.eureka.util.batcher.TaskExecutors    : Discarding 1 tasks of TaskBatchingWorker-target_localhost-10 due to permanent error
2019-02-27 11:00:47.477 ERROR 14252 --- [TaskBatchingWorker-target_localhost-11] c.n.e.cluster.ReplicationTaskProcessor   : Batch update failure with HTTP status code 401; discarding 1 replication tasks
2019-02-27 11:00:47.478  WARN 14252 --- [TaskBatchingWorker-target_localhost-11] c.n.eureka.util.batcher.TaskExecutors    : Discarding 1 tasks of TaskBatchingWorker-target_localhost-11 due to permanent error
2019-02-27 11:01:05.512 ERROR 14252 --- [TaskBatchingWorker-target_localhost-10] c.n.e.cluster.ReplicationTaskProcessor   : Batch update failure with HTTP status code 401; discarding 1 replication tasks
2019-02-27 11:01:05.513  WARN 14252 --- [TaskBatchingWorker-target_localhost-10] c.n.eureka.util.batcher.TaskExecutors    : Discarding 1 tasks of TaskBatchingWorker-target_localhost-10 due to permanent error
2019-02-27 11:01:11.552  INFO 14252 --- [Eureka-EvictionTimer] c.n.e.registry.AbstractInstanceRegistry  : Running the evict task with compensationTime 0ms
2019-02-27 11:01:17.479 ERROR 14252 --- [TaskBatchingWorker-target_localhost-11] c.n.e.cluster.ReplicationTaskProcessor   : Batch update failure with HTTP status code 401; discarding 1 replication tasks
2019-02-27 11:01:17.479  WARN 14252 --- [TaskBatchingWorker-target_localhost-11] c.n.eureka.util.batcher.TaskExecutors    : Discarding 1 tasks of TaskBatchingWorker-target_localhost-11 due to permanent error
2019-02-27 11:01:35.514 ERROR 14252 --- [TaskBatchingWorker-target_localhost-10] c.n.e.cluster.ReplicationTaskProcessor   : Batch update failure with HTTP status code 401; discarding 1 replication tasks
2019-02-27 11:01:35.515  WARN 14252 --- [TaskBatchingWorker-target_localhost-10] c.n.eureka.util.batcher.TaskExecutors    : Discarding 1 tasks of TaskBatchingWorker-target_localhost-10 due to permanent error
2019-02-27 11:01:47.484 ERROR 14252 --- [TaskBatchingWorker-target_localhost-11] c.n.e.cluster.ReplicationTaskProcessor   : Batch update failure with HTTP status code 401; discarding 1 replication tasks
2019-02-27 11:01:47.484  WARN 14252 --- [TaskBatchingWorker-target_localhost-11] c.n.eureka.util.batcher.TaskExecutors    : Discarding 1 tasks of TaskBatchingWorker-target_localhost-11 due to permanent error
2019-02-27 11:02:05.524 ERROR 14252 --- [TaskBatchingWorker-target_localhost-10] c.n.e.cluster.ReplicationTaskProcessor   : Batch update failure with HTTP status code 401; discarding 1 replication tasks
2019-02-27 11:02:05.524  WARN 14252 --- [TaskBatchingWorker-target_localhost-10] c.n.eureka.util.batcher.TaskExecutors    : Discarding 1 tasks of TaskBatchingWorker-target_localhost-10 due to permanent error
2019-02-27 11:02:11.553  INFO 14252 --- [Eureka-EvictionTimer] c.n.e.registry.AbstractInstanceRegistry  : Running the evict task with compensationTime 0ms
2019-02-27 11:02:17.498 ERROR 14252 --- [TaskBatchingWorker-target_localhost-11] c.n.e.cluster.ReplicationTaskProcessor   : Batch update failure with HTTP status code 401; discarding 1 replication tasks
2019-02-27 11:02:17.499  WARN 14252 --- [TaskBatchingWorker-target_localhost-11] c.n.eureka.util.batcher.TaskExecutors    : Discarding 1 tasks of TaskBatchingWorker-target_localhost-11 due to permanent error
2019-02-27 11:02:35.537 ERROR 14252 --- [TaskBatchingWorker-target_localhost-10] c.n.e.cluster.ReplicationTaskProcessor   : Batch update failure with HTTP status code 401; discarding 1 replication tasks
2019-02-27 11:02:35.537  WARN 14252 --- [TaskBatchingWorker-target_localhost-10] c.n.eureka.util.batcher.TaskExecutors    : Discarding 1 tasks of TaskBatchingWorker-target_localhost-10 due to permanent error
2019-02-27 11:02:47.502 ERROR 14252 --- [TaskBatchingWorker-target_localhost-11] c.n.e.cluster.ReplicationTaskProcessor   : Batch update failure with HTTP status code 401; discarding 1 replication tasks
2019-02-27 11:02:47.502  WARN 14252 --- [TaskBatchingWorker-target_localhost-11] c.n.eureka.util.batcher.TaskExecutors    : Discarding 1 tasks of TaskBatchingWorker-target_localhost-11 due to permanent error
2019-02-27 11:03:05.541 ERROR 14252 --- [TaskBatchingWorker-target_localhost-10] c.n.e.cluster.ReplicationTaskProcessor   : Batch update failure with HTTP status code 401; discarding 1 replication tasks
2019-02-27 11:03:05.542  WARN 14252 --- [TaskBatchingWorker-target_localhost-10] c.n.eureka.util.batcher.TaskExecutors    : Discarding 1 tasks of TaskBatchingWorker-target_localhost-10 due to permanent error
2019-02-27 11:03:11.553  INFO 14252 --- [Eureka-EvictionTimer] c.n.e.registry.AbstractInstanceRegistry  : Running the evict task with compensationTime 0ms
2019-02-27 11:03:17.516 ERROR 14252 --- [TaskBatchingWorker-target_localhost-11] c.n.e.cluster.ReplicationTaskProcessor   : Batch update failure with HTTP status code 401; discarding 1 replication tasks
2019-02-27 11:03:17.516  WARN 14252 --- [TaskBatchingWorker-target_localhost-11] c.n.eureka.util.batcher.TaskExecutors    : Discarding 1 tasks of TaskBatchingWorker-target_localhost-11 due to permanent error
2019-02-27 14:09:58.894  INFO 11324 --- [main] c.S.e.EurekaServiceApplication           : The following profiles are active: dev
2019-02-27 14:09:58.908  INFO 11324 --- [main] ationConfigEmbeddedWebApplicationContext : Refreshing org.springframework.boot.context.embedded.AnnotationConfigEmbeddedWebApplicationContext@30b19518: startup date [Wed Feb 27 14:09:58 CST 2019]; parent: org.springframework.context.annotation.AnnotationConfigApplicationContext@3857f613
2019-02-27 14:09:59.773  INFO 11324 --- [main] o.s.cloud.context.scope.GenericScope     : BeanFactory id=a554f5f2-f757-3ed6-b517-eb06426a5ab7
2019-02-27 14:09:59.786  INFO 11324 --- [main] f.a.AutowiredAnnotationBeanPostProcessor : JSR-330 'javax.inject.Inject' annotation found and supported for autowiring
2019-02-27 14:09:59.831  INFO 11324 --- [main] trationDelegate$BeanPostProcessorChecker : Bean 'org.springframework.cloud.autoconfigure.ConfigurationPropertiesRebinderAutoConfiguration' of type [org.springframework.cloud.autoconfigure.ConfigurationPropertiesRebinderAutoConfiguration$$EnhancerBySpringCGLIB$$4e0d55f4] is not eligible for getting processed by all BeanPostProcessors (for example: not eligible for auto-proxying)
2019-02-27 14:10:00.074  INFO 11324 --- [main] s.b.c.e.t.TomcatEmbeddedServletContainer : Tomcat initialized with port(s): 8761 (http)
2019-02-27 14:10:00.093  INFO 11324 --- [main] o.apache.catalina.core.StandardService   : Starting service [Tomcat]
2019-02-27 14:10:00.094  INFO 11324 --- [main] org.apache.catalina.core.StandardEngine  : Starting Servlet Engine: Apache Tomcat/8.5.31
2019-02-27 14:10:00.260  INFO 11324 --- [localhost-startStop-1] o.a.c.c.C.[Tomcat].[localhost].[/]       : Initializing Spring embedded WebApplicationContext
2019-02-27 14:10:00.260  INFO 11324 --- [localhost-startStop-1] o.s.web.context.ContextLoader            : Root WebApplicationContext: initialization completed in 1352 ms
2019-02-27 14:10:00.935  INFO 11324 --- [localhost-startStop-1] o.s.b.w.servlet.FilterRegistrationBean   : Mapping filter: 'metricsFilter' to: [/*]
2019-02-27 14:10:00.937  INFO 11324 --- [localhost-startStop-1] o.s.b.w.servlet.FilterRegistrationBean   : Mapping filter: 'characterEncodingFilter' to: [/*]
2019-02-27 14:10:00.938  INFO 11324 --- [localhost-startStop-1] o.s.b.w.servlet.FilterRegistrationBean   : Mapping filter: 'hiddenHttpMethodFilter' to: [/*]
2019-02-27 14:10:00.938  INFO 11324 --- [localhost-startStop-1] o.s.b.w.servlet.FilterRegistrationBean   : Mapping filter: 'httpPutFormContentFilter' to: [/*]
2019-02-27 14:10:00.938  INFO 11324 --- [localhost-startStop-1] o.s.b.w.servlet.FilterRegistrationBean   : Mapping filter: 'requestContextFilter' to: [/*]
2019-02-27 14:10:00.940  INFO 11324 --- [localhost-startStop-1] .s.DelegatingFilterProxyRegistrationBean : Mapping filter: 'springSecurityFilterChain' to: [/*]
2019-02-27 14:10:00.942  INFO 11324 --- [localhost-startStop-1] o.s.b.w.servlet.FilterRegistrationBean   : Mapping filter: 'webRequestTraceFilter' to: [/*]
2019-02-27 14:10:00.943  INFO 11324 --- [localhost-startStop-1] o.s.b.w.servlet.FilterRegistrationBean   : Mapping filter: 'servletContainer' to urls: [/eureka/*]
2019-02-27 14:10:00.943  INFO 11324 --- [localhost-startStop-1] o.s.b.w.servlet.FilterRegistrationBean   : Mapping filter: 'applicationContextIdFilter' to: [/*]
2019-02-27 14:10:00.943  INFO 11324 --- [localhost-startStop-1] o.s.b.w.servlet.ServletRegistrationBean  : Mapping servlet: 'dispatcherServlet' to [/]
2019-02-27 14:10:01.142  INFO 11324 --- [localhost-startStop-1] c.s.j.s.i.a.WebApplicationImpl           : Initiating Jersey application, version 'Jersey: 1.19.1 03/11/2016 02:08 PM'
2019-02-27 14:10:01.398  INFO 11324 --- [localhost-startStop-1] c.n.d.provider.DiscoveryJerseyProvider   : Using JSON encoding codec LegacyJacksonJson
2019-02-27 14:10:01.400  INFO 11324 --- [localhost-startStop-1] c.n.d.provider.DiscoveryJerseyProvider   : Using JSON decoding codec LegacyJacksonJson
2019-02-27 14:10:01.571  INFO 11324 --- [localhost-startStop-1] c.n.d.provider.DiscoveryJerseyProvider   : Using XML encoding codec XStreamXml
2019-02-27 14:10:01.571  INFO 11324 --- [localhost-startStop-1] c.n.d.provider.DiscoveryJerseyProvider   : Using XML decoding codec XStreamXml
2019-02-27 14:10:02.071  INFO 11324 --- [main] c.n.c.sources.URLConfigurationSource     : URLs to be used as dynamic configuration source: [file:/C:/Users/14905/OneDrive/%e6%96%87%e6%a1%a3/Sugarda/SugardaManagerSystem/eurekaService/target/classes/config.properties]
2019-02-27 14:10:02.080  INFO 11324 --- [main] c.n.c.sources.URLConfigurationSource     : URLs to be used as dynamic configuration source: [file:/C:/Users/14905/OneDrive/%e6%96%87%e6%a1%a3/Sugarda/SugardaManagerSystem/eurekaService/target/classes/config.properties]
2019-02-27 14:10:02.362  INFO 11324 --- [main] s.w.s.m.m.a.RequestMappingHandlerAdapter : Looking for @ControllerAdvice: org.springframework.boot.context.embedded.AnnotationConfigEmbeddedWebApplicationContext@30b19518: startup date [Wed Feb 27 14:09:58 CST 2019]; parent: org.springframework.context.annotation.AnnotationConfigApplicationContext@3857f613
2019-02-27 14:10:02.428  INFO 11324 --- [main] s.w.s.m.m.a.RequestMappingHandlerMapping : Mapped "{[/error]}" onto public org.springframework.http.ResponseEntity<java.util.Map<java.lang.String, java.lang.Object>> org.springframework.boot.autoconfigure.web.BasicErrorController.error(javax.servlet.http.HttpServletRequest)
2019-02-27 14:10:02.430  INFO 11324 --- [main] s.w.s.m.m.a.RequestMappingHandlerMapping : Mapped "{[/error],produces=[text/html]}" onto public org.springframework.web.servlet.ModelAndView org.springframework.boot.autoconfigure.web.BasicErrorController.errorHtml(javax.servlet.http.HttpServletRequest,javax.servlet.http.HttpServletResponse)
2019-02-27 14:10:02.435  INFO 11324 --- [main] s.w.s.m.m.a.RequestMappingHandlerMapping : Mapped "{[/],methods=[GET]}" onto public java.lang.String org.springframework.cloud.netflix.eureka.server.EurekaController.status(javax.servlet.http.HttpServletRequest,java.util.Map<java.lang.String, java.lang.Object>)
2019-02-27 14:10:02.435  INFO 11324 --- [main] s.w.s.m.m.a.RequestMappingHandlerMapping : Mapped "{[/lastn],methods=[GET]}" onto public java.lang.String org.springframework.cloud.netflix.eureka.server.EurekaController.lastn(javax.servlet.http.HttpServletRequest,java.util.Map<java.lang.String, java.lang.Object>)
2019-02-27 14:10:02.463  INFO 11324 --- [main] o.s.w.s.handler.SimpleUrlHandlerMapping  : Mapped URL path [/webjars/**] onto handler of type [class org.springframework.web.servlet.resource.ResourceHttpRequestHandler]
2019-02-27 14:10:02.463  INFO 11324 --- [main] o.s.w.s.handler.SimpleUrlHandlerMapping  : Mapped URL path [/**] onto handler of type [class org.springframework.web.servlet.resource.ResourceHttpRequestHandler]
2019-02-27 14:10:02.504  INFO 11324 --- [main] o.s.w.s.handler.SimpleUrlHandlerMapping  : Mapped URL path [/**/favicon.ico] onto handler of type [class org.springframework.web.servlet.resource.ResourceHttpRequestHandler]
2019-02-27 14:10:03.226  INFO 11324 --- [main] o.s.s.web.DefaultSecurityFilterChain     : Creating filter chain: OrRequestMatcher [requestMatchers=[Ant [pattern='/css/**'], Ant [pattern='/js/**'], Ant [pattern='/images/**'], Ant [pattern='/webjars/**'], Ant [pattern='/**/favicon.ico'], Ant [pattern='/error']]], []
2019-02-27 14:10:03.502  INFO 11324 --- [main] o.s.b.a.e.mvc.EndpointHandlerMapping     : Mapped "{[/mappings || /mappings.json],methods=[GET],produces=[application/vnd.spring-boot.actuator.v1+json || application/json]}" onto public java.lang.Object org.springframework.boot.actuate.endpoint.mvc.EndpointMvcAdapter.invoke()
2019-02-27 14:10:03.502  INFO 11324 --- [main] o.s.b.a.e.mvc.EndpointHandlerMapping     : Mapped "{[/refresh || /refresh.json],methods=[POST]}" onto public java.lang.Object org.springframework.cloud.endpoint.GenericPostableMvcEndpoint.invoke()
2019-02-27 14:10:03.503  INFO 11324 --- [main] o.s.b.a.e.mvc.EndpointHandlerMapping     : Mapped "{[/env/{name:.*}],methods=[GET],produces=[application/vnd.spring-boot.actuator.v1+json || application/json]}" onto public java.lang.Object org.springframework.boot.actuate.endpoint.mvc.EnvironmentMvcEndpoint.value(java.lang.String)
2019-02-27 14:10:03.503  INFO 11324 --- [main] o.s.b.a.e.mvc.EndpointHandlerMapping     : Mapped "{[/env || /env.json],methods=[GET],produces=[application/vnd.spring-boot.actuator.v1+json || application/json]}" onto public java.lang.Object org.springframework.boot.actuate.endpoint.mvc.EndpointMvcAdapter.invoke()
2019-02-27 14:10:03.504  INFO 11324 --- [main] o.s.b.a.e.mvc.EndpointHandlerMapping     : Mapped "{[/auditevents || /auditevents.json],methods=[GET],produces=[application/vnd.spring-boot.actuator.v1+json || application/json]}" onto public org.springframework.http.ResponseEntity<?> org.springframework.boot.actuate.endpoint.mvc.AuditEventsMvcEndpoint.findByPrincipalAndAfterAndType(java.lang.String,java.util.Date,java.lang.String)
2019-02-27 14:10:03.505  INFO 11324 --- [main] o.s.b.a.e.mvc.EndpointHandlerMapping     : Mapped "{[/features || /features.json],methods=[GET],produces=[application/vnd.spring-boot.actuator.v1+json || application/json]}" onto public java.lang.Object org.springframework.boot.actuate.endpoint.mvc.EndpointMvcAdapter.invoke()
2019-02-27 14:10:03.505  INFO 11324 --- [main] o.s.b.a.e.mvc.EndpointHandlerMapping     : Mapped "{[/service-registry/instance-status],methods=[POST]}" onto public org.springframework.http.ResponseEntity<?> org.springframework.cloud.client.serviceregistry.endpoint.ServiceRegistryEndpoint.setStatus(java.lang.String)
2019-02-27 14:10:03.505  INFO 11324 --- [main] o.s.b.a.e.mvc.EndpointHandlerMapping     : Mapped "{[/service-registry/instance-status],methods=[GET]}" onto public org.springframework.http.ResponseEntity org.springframework.cloud.client.serviceregistry.endpoint.ServiceRegistryEndpoint.getStatus()
2019-02-27 14:10:03.506  INFO 11324 --- [main] o.s.b.a.e.mvc.EndpointHandlerMapping     : Mapped "{[/metrics/{name:.*}],methods=[GET],produces=[application/vnd.spring-boot.actuator.v1+json || application/json]}" onto public java.lang.Object org.springframework.boot.actuate.endpoint.mvc.MetricsMvcEndpoint.value(java.lang.String)
2019-02-27 14:10:03.506  INFO 11324 --- [main] o.s.b.a.e.mvc.EndpointHandlerMapping     : Mapped "{[/metrics || /metrics.json],methods=[GET],produces=[application/vnd.spring-boot.actuator.v1+json || application/json]}" onto public java.lang.Object org.springframework.boot.actuate.endpoint.mvc.EndpointMvcAdapter.invoke()
2019-02-27 14:10:03.508  INFO 11324 --- [main] o.s.b.a.e.mvc.EndpointHandlerMapping     : Mapped "{[/configprops || /configprops.json],methods=[GET],produces=[application/vnd.spring-boot.actuator.v1+json || application/json]}" onto public java.lang.Object org.springframework.boot.actuate.endpoint.mvc.EndpointMvcAdapter.invoke()
2019-02-27 14:10:03.509  INFO 11324 --- [main] o.s.b.a.e.mvc.EndpointHandlerMapping     : Mapped "{[/heapdump || /heapdump.json],methods=[GET],produces=[application/octet-stream]}" onto public void org.springframework.boot.actuate.endpoint.mvc.HeapdumpMvcEndpoint.invoke(boolean,javax.servlet.http.HttpServletRequest,javax.servlet.http.HttpServletResponse) throws java.io.IOException,javax.servlet.ServletException
2019-02-27 14:10:03.510  INFO 11324 --- [main] o.s.b.a.e.mvc.EndpointHandlerMapping     : Mapped "{[/health || /health.json],methods=[GET],produces=[application/vnd.spring-boot.actuator.v1+json || application/json]}" onto public java.lang.Object org.springframework.boot.actuate.endpoint.mvc.HealthMvcEndpoint.invoke(javax.servlet.http.HttpServletRequest,java.security.Principal)
2019-02-27 14:10:03.510  INFO 11324 --- [main] o.s.b.a.e.mvc.EndpointHandlerMapping     : Mapped "{[/logfile || /logfile.json],methods=[GET || HEAD]}" onto public void org.springframework.boot.actuate.endpoint.mvc.LogFileMvcEndpoint.invoke(javax.servlet.http.HttpServletRequest,javax.servlet.http.HttpServletResponse) throws javax.servlet.ServletException,java.io.IOException
2019-02-27 14:10:03.511  INFO 11324 --- [main] o.s.b.a.e.mvc.EndpointHandlerMapping     : Mapped "{[/info || /info.json],methods=[GET],produces=[application/vnd.spring-boot.actuator.v1+json || application/json]}" onto public java.lang.Object org.springframework.boot.actuate.endpoint.mvc.EndpointMvcAdapter.invoke()
2019-02-27 14:10:03.511  INFO 11324 --- [main] o.s.b.a.e.mvc.EndpointHandlerMapping     : Mapped "{[/trace || /trace.json],methods=[GET],produces=[application/vnd.spring-boot.actuator.v1+json || application/json]}" onto public java.lang.Object org.springframework.boot.actuate.endpoint.mvc.EndpointMvcAdapter.invoke()
2019-02-27 14:10:03.512  INFO 11324 --- [main] o.s.b.a.e.mvc.EndpointHandlerMapping     : Mapped "{[/loggers/{name:.*}],methods=[GET],produces=[application/vnd.spring-boot.actuator.v1+json || application/json]}" onto public java.lang.Object org.springframework.boot.actuate.endpoint.mvc.LoggersMvcEndpoint.get(java.lang.String)
2019-02-27 14:10:03.512  INFO 11324 --- [main] o.s.b.a.e.mvc.EndpointHandlerMapping     : Mapped "{[/loggers/{name:.*}],methods=[POST],consumes=[application/vnd.spring-boot.actuator.v1+json || application/json],produces=[application/vnd.spring-boot.actuator.v1+json || application/json]}" onto public java.lang.Object org.springframework.boot.actuate.endpoint.mvc.LoggersMvcEndpoint.set(java.lang.String,java.util.Map<java.lang.String, java.lang.String>)
2019-02-27 14:10:03.512  INFO 11324 --- [main] o.s.b.a.e.mvc.EndpointHandlerMapping     : Mapped "{[/loggers || /loggers.json],methods=[GET],produces=[application/vnd.spring-boot.actuator.v1+json || application/json]}" onto public java.lang.Object org.springframework.boot.actuate.endpoint.mvc.EndpointMvcAdapter.invoke()
2019-02-27 14:10:03.513  INFO 11324 --- [main] o.s.b.a.e.mvc.EndpointHandlerMapping     : Mapped "{[/beans || /beans.json],methods=[GET],produces=[application/vnd.spring-boot.actuator.v1+json || application/json]}" onto public java.lang.Object org.springframework.boot.actuate.endpoint.mvc.EndpointMvcAdapter.invoke()
2019-02-27 14:10:03.513  INFO 11324 --- [main] o.s.b.a.e.mvc.EndpointHandlerMapping     : Mapped "{[/env],methods=[POST]}" onto public java.lang.Object org.springframework.cloud.context.environment.EnvironmentManagerMvcEndpoint.value(java.util.Map<java.lang.String, java.lang.String>)
2019-02-27 14:10:03.513  INFO 11324 --- [main] o.s.b.a.e.mvc.EndpointHandlerMapping     : Mapped "{[/env/reset],methods=[POST]}" onto public java.util.Map<java.lang.String, java.lang.Object> org.springframework.cloud.context.environment.EnvironmentManagerMvcEndpoint.reset()
2019-02-27 14:10:03.513  INFO 11324 --- [main] o.s.b.a.e.mvc.EndpointHandlerMapping     : Mapped "{[/archaius || /archaius.json],methods=[GET],produces=[application/vnd.spring-boot.actuator.v1+json || application/json]}" onto public java.lang.Object org.springframework.boot.actuate.endpoint.mvc.EndpointMvcAdapter.invoke()
2019-02-27 14:10:03.514  INFO 11324 --- [main] o.s.b.a.e.mvc.EndpointHandlerMapping     : Mapped "{[/dump || /dump.json],methods=[GET],produces=[application/vnd.spring-boot.actuator.v1+json || application/json]}" onto public java.lang.Object org.springframework.boot.actuate.endpoint.mvc.EndpointMvcAdapter.invoke()
2019-02-27 14:10:03.514  INFO 11324 --- [main] o.s.b.a.e.mvc.EndpointHandlerMapping     : Mapped "{[/autoconfig || /autoconfig.json],methods=[GET],produces=[application/vnd.spring-boot.actuator.v1+json || application/json]}" onto public java.lang.Object org.springframework.boot.actuate.endpoint.mvc.EndpointMvcAdapter.invoke()
2019-02-27 14:10:03.515  INFO 11324 --- [main] o.s.s.web.DefaultSecurityFilterChain     : Creating filter chain: org.springframework.boot.actuate.autoconfigure.ManagementWebSecurityAutoConfiguration$LazyEndpointPathRequestMatcher@297c9a9b, [org.springframework.security.web.context.request.async.WebAsyncManagerIntegrationFilter@20999517, org.springframework.security.web.context.SecurityContextPersistenceFilter@27abb6ca, org.springframework.security.web.header.HeaderWriterFilter@322ba549, org.springframework.web.filter.CorsFilter@6ec63f8, org.springframework.security.web.authentication.logout.LogoutFilter@50eb4a2c, org.springframework.security.web.authentication.www.BasicAuthenticationFilter@60a7e509, org.springframework.security.web.savedrequest.RequestCacheAwareFilter@6968c1d6, org.springframework.security.web.servletapi.SecurityContextHolderAwareRequestFilter@3f6bf8aa, org.springframework.security.web.authentication.AnonymousAuthenticationFilter@66223d94, org.springframework.security.web.session.SessionManagementFilter@e280403, org.springframework.security.web.access.ExceptionTranslationFilter@3440e9cd, org.springframework.security.web.access.intercept.FilterSecurityInterceptor@60e06f7d]
2019-02-27 14:10:03.516  INFO 11324 --- [main] o.s.s.web.DefaultSecurityFilterChain     : Creating filter chain: OrRequestMatcher [requestMatchers=[Ant [pattern='/**']]], [org.springframework.security.web.context.request.async.WebAsyncManagerIntegrationFilter@16da1abc, org.springframework.security.web.context.SecurityContextPersistenceFilter@158e9f6e, org.springframework.security.web.header.HeaderWriterFilter@6c184d4d, org.springframework.security.web.authentication.logout.LogoutFilter@daf22f0, org.springframework.security.web.authentication.www.BasicAuthenticationFilter@6cbbb9c4, org.springframework.security.web.savedrequest.RequestCacheAwareFilter@7a6ea47d, org.springframework.security.web.servletapi.SecurityContextHolderAwareRequestFilter@54b2fc58, org.springframework.security.web.authentication.AnonymousAuthenticationFilter@671ea6ff, org.springframework.security.web.session.SessionManagementFilter@7645f03e, org.springframework.security.web.access.ExceptionTranslationFilter@173f1614, org.springframework.security.web.access.intercept.FilterSecurityInterceptor@2b4d4327]
2019-02-27 14:10:03.704  INFO 11324 --- [main] o.s.ui.freemarker.SpringTemplateLoader   : SpringTemplateLoader for FreeMarker: using resource loader [org.springframework.boot.context.embedded.AnnotationConfigEmbeddedWebApplicationContext@30b19518: startup date [Wed Feb 27 14:09:58 CST 2019]; parent: org.springframework.context.annotation.AnnotationConfigApplicationContext@3857f613] and template loader path [classpath:/templates/]
2019-02-27 14:10:03.705  INFO 11324 --- [main] o.s.w.s.v.f.FreeMarkerConfigurer         : ClassTemplateLoader for Spring macros added to FreeMarker configuration
2019-02-27 14:10:03.841  INFO 11324 --- [main] o.s.c.n.eureka.InstanceInfoFactory       : Setting initial instance status as: STARTING
2019-02-27 14:10:03.867  INFO 11324 --- [main] com.netflix.discovery.DiscoveryClient    : Initializing Eureka in region us-east-1
2019-02-27 14:10:03.867  INFO 11324 --- [main] com.netflix.discovery.DiscoveryClient    : Client configured to neither register nor query for data.
2019-02-27 14:10:03.872  INFO 11324 --- [main] com.netflix.discovery.DiscoveryClient    : Discovery Client initialized at timestamp 1551247803872 with initial instances count: 0
2019-02-27 14:10:03.908  INFO 11324 --- [main] c.n.eureka.DefaultEurekaServerContext    : Initializing ...
2019-02-27 14:10:03.910  INFO 11324 --- [main] c.n.eureka.cluster.PeerEurekaNodes       : Adding new peer nodes [http://localhost:8761/eureka/]
2019-02-27 14:10:04.123  INFO 11324 --- [main] c.n.d.provider.DiscoveryJerseyProvider   : Using JSON encoding codec LegacyJacksonJson
2019-02-27 14:10:04.123  INFO 11324 --- [main] c.n.d.provider.DiscoveryJerseyProvider   : Using JSON decoding codec LegacyJacksonJson
2019-02-27 14:10:04.123  INFO 11324 --- [main] c.n.d.provider.DiscoveryJerseyProvider   : Using XML encoding codec XStreamXml
2019-02-27 14:10:04.123  INFO 11324 --- [main] c.n.d.provider.DiscoveryJerseyProvider   : Using XML decoding codec XStreamXml
2019-02-27 14:10:04.207  INFO 11324 --- [main] c.n.eureka.cluster.PeerEurekaNodes       : Replica node URL:  http://localhost:8761/eureka/
2019-02-27 14:10:04.214  INFO 11324 --- [main] c.n.e.registry.AbstractInstanceRegistry  : Finished initializing remote region registries. All known remote regions: []
2019-02-27 14:10:04.214  INFO 11324 --- [main] c.n.eureka.DefaultEurekaServerContext    : Initialized
2019-02-27 14:10:04.274  INFO 11324 --- [main] o.s.j.e.a.AnnotationMBeanExporter        : Registering beans for JMX exposure on startup
2019-02-27 14:10:04.282  INFO 11324 --- [main] o.s.j.e.a.AnnotationMBeanExporter        : Bean with name 'configurationPropertiesRebinder' has been autodetected for JMX exposure
2019-02-27 14:10:04.283  INFO 11324 --- [main] o.s.j.e.a.AnnotationMBeanExporter        : Bean with name 'refreshEndpoint' has been autodetected for JMX exposure
2019-02-27 14:10:04.283  INFO 11324 --- [main] o.s.j.e.a.AnnotationMBeanExporter        : Bean with name 'environmentManager' has been autodetected for JMX exposure
2019-02-27 14:10:04.284  INFO 11324 --- [main] o.s.j.e.a.AnnotationMBeanExporter        : Bean with name 'serviceRegistryEndpoint' has been autodetected for JMX exposure
2019-02-27 14:10:04.284  INFO 11324 --- [main] o.s.j.e.a.AnnotationMBeanExporter        : Bean with name 'refreshScope' has been autodetected for JMX exposure
2019-02-27 14:10:04.286  INFO 11324 --- [main] o.s.j.e.a.AnnotationMBeanExporter        : Located managed bean 'environmentManager': registering with JMX server as MBean [org.springframework.cloud.context.environment:name=environmentManager,type=EnvironmentManager]
2019-02-27 14:10:04.297  INFO 11324 --- [main] o.s.j.e.a.AnnotationMBeanExporter        : Located managed bean 'serviceRegistryEndpoint': registering with JMX server as MBean [org.springframework.cloud.client.serviceregistry.endpoint:name=serviceRegistryEndpoint,type=ServiceRegistryEndpoint]
2019-02-27 14:10:04.300  INFO 11324 --- [main] o.s.j.e.a.AnnotationMBeanExporter        : Located managed bean 'refreshScope': registering with JMX server as MBean [org.springframework.cloud.context.scope.refresh:name=refreshScope,type=RefreshScope]
2019-02-27 14:10:04.311  INFO 11324 --- [main] o.s.j.e.a.AnnotationMBeanExporter        : Located managed bean 'configurationPropertiesRebinder': registering with JMX server as MBean [org.springframework.cloud.context.properties:name=configurationPropertiesRebinder,context=30b19518,type=ConfigurationPropertiesRebinder]
2019-02-27 14:10:04.317  INFO 11324 --- [main] o.s.j.e.a.AnnotationMBeanExporter        : Located managed bean 'refreshEndpoint': registering with JMX server as MBean [org.springframework.cloud.endpoint:name=refreshEndpoint,type=RefreshEndpoint]
2019-02-27 14:10:04.330  INFO 11324 --- [main] o.s.c.support.DefaultLifecycleProcessor  : Starting beans in phase 0
2019-02-27 14:10:04.335  INFO 11324 --- [main] o.s.c.n.e.s.EurekaServiceRegistry        : Registering application EUREKA-SERVICE with eureka with status UP
2019-02-27 14:10:04.369  INFO 11324 --- [Thread-25] o.s.c.n.e.server.EurekaServerBootstrap   : Setting the eureka configuration..
2019-02-27 14:10:04.369  INFO 11324 --- [Thread-25] o.s.c.n.e.server.EurekaServerBootstrap   : Eureka data center value eureka.datacenter is not set, defaulting to default
2019-02-27 14:10:04.369  INFO 11324 --- [Thread-25] o.s.c.n.e.server.EurekaServerBootstrap   : Eureka environment value eureka.environment is not set, defaulting to test
2019-02-27 14:10:04.385  INFO 11324 --- [Thread-25] o.s.c.n.e.server.EurekaServerBootstrap   : isAws returned false
2019-02-27 14:10:04.385  INFO 11324 --- [Thread-25] o.s.c.n.e.server.EurekaServerBootstrap   : Initialized server context
2019-02-27 14:10:04.385  INFO 11324 --- [Thread-25] c.n.e.r.PeerAwareInstanceRegistryImpl    : Got 1 instances from neighboring DS node
2019-02-27 14:10:04.385  INFO 11324 --- [Thread-25] c.n.e.r.PeerAwareInstanceRegistryImpl    : Renew threshold is: 1
2019-02-27 14:10:04.386  INFO 11324 --- [Thread-25] c.n.e.r.PeerAwareInstanceRegistryImpl    : Changing status to UP
2019-02-27 14:10:04.392  INFO 11324 --- [Thread-25] e.s.EurekaServerInitializerConfiguration : Started Eureka Server
2019-02-27 14:10:04.413  INFO 11324 --- [main] s.b.c.e.t.TomcatEmbeddedServletContainer : Tomcat started on port(s): 8761 (http)
2019-02-27 14:10:04.414  INFO 11324 --- [main] .s.c.n.e.s.EurekaAutoServiceRegistration : Updating port to 8761
2019-02-27 14:10:04.417  INFO 11324 --- [main] c.S.e.EurekaServiceApplication           : Started EurekaServiceApplication in 7.268 seconds (JVM running for 8.197)
2019-02-27 14:10:16.701  INFO 11324 --- [http-nio-8761-exec-1] o.a.c.c.C.[Tomcat].[localhost].[/]       : Initializing Spring FrameworkServlet 'dispatcherServlet'
2019-02-27 14:10:16.701  INFO 11324 --- [http-nio-8761-exec-1] o.s.web.servlet.DispatcherServlet        : FrameworkServlet 'dispatcherServlet': initialization started
2019-02-27 14:10:16.728  INFO 11324 --- [http-nio-8761-exec-1] o.s.web.servlet.DispatcherServlet        : FrameworkServlet 'dispatcherServlet': initialization completed in 27 ms
2019-02-27 14:10:16.908  INFO 11324 --- [http-nio-8761-exec-2] c.n.e.registry.AbstractInstanceRegistry  : Registered instance CONFIG-SERVICE/192.168.0.13:CONFIG-SERVICE:8888 with status UP (replication=false)
2019-02-27 14:10:17.572 ERROR 11324 --- [TaskBatchingWorker-target_localhost-5] c.n.e.cluster.ReplicationTaskProcessor   : Batch update failure with HTTP status code 401; discarding 1 replication tasks
2019-02-27 14:10:17.573  WARN 11324 --- [TaskBatchingWorker-target_localhost-5] c.n.eureka.util.batcher.TaskExecutors    : Discarding 1 tasks of TaskBatchingWorker-target_localhost-5 due to permanent error
2019-02-27 14:10:47.341 ERROR 11324 --- [TaskBatchingWorker-target_localhost-5] c.n.e.cluster.ReplicationTaskProcessor   : Batch update failure with HTTP status code 401; discarding 1 replication tasks
2019-02-27 14:10:47.342  WARN 11324 --- [TaskBatchingWorker-target_localhost-5] c.n.eureka.util.batcher.TaskExecutors    : Discarding 1 tasks of TaskBatchingWorker-target_localhost-5 due to permanent error
2019-02-27 14:11:04.387  INFO 11324 --- [Eureka-EvictionTimer] c.n.e.registry.AbstractInstanceRegistry  : Running the evict task with compensationTime 0ms
2019-02-27 14:11:15.514  INFO 11324 --- [http-nio-8761-exec-1] c.n.e.registry.AbstractInstanceRegistry  : Registered instance UAA-SERVICE/192.168.0.13:UAA-SERVICE:8001 with status UP (replication=false)
2019-02-27 14:11:16.027 ERROR 11324 --- [TaskBatchingWorker-target_localhost-14] c.n.e.cluster.ReplicationTaskProcessor   : Batch update failure with HTTP status code 401; discarding 1 replication tasks
2019-02-27 14:11:16.027  WARN 11324 --- [TaskBatchingWorker-target_localhost-14] c.n.eureka.util.batcher.TaskExecutors    : Discarding 1 tasks of TaskBatchingWorker-target_localhost-14 due to permanent error
2019-02-27 14:11:17.341 ERROR 11324 --- [TaskBatchingWorker-target_localhost-5] c.n.e.cluster.ReplicationTaskProcessor   : Batch update failure with HTTP status code 401; discarding 1 replication tasks
2019-02-27 14:11:17.341  WARN 11324 --- [TaskBatchingWorker-target_localhost-5] c.n.eureka.util.batcher.TaskExecutors    : Discarding 1 tasks of TaskBatchingWorker-target_localhost-5 due to permanent error
2019-02-27 14:11:45.996 ERROR 11324 --- [TaskBatchingWorker-target_localhost-14] c.n.e.cluster.ReplicationTaskProcessor   : Batch update failure with HTTP status code 401; discarding 1 replication tasks
2019-02-27 14:11:45.996  WARN 11324 --- [TaskBatchingWorker-target_localhost-14] c.n.eureka.util.batcher.TaskExecutors    : Discarding 1 tasks of TaskBatchingWorker-target_localhost-14 due to permanent error
2019-02-27 14:11:47.357 ERROR 11324 --- [TaskBatchingWorker-target_localhost-5] c.n.e.cluster.ReplicationTaskProcessor   : Batch update failure with HTTP status code 401; discarding 1 replication tasks
2019-02-27 14:11:47.358  WARN 11324 --- [TaskBatchingWorker-target_localhost-5] c.n.eureka.util.batcher.TaskExecutors    : Discarding 1 tasks of TaskBatchingWorker-target_localhost-5 due to permanent error
2019-02-27 14:12:04.387  INFO 11324 --- [Eureka-EvictionTimer] c.n.e.registry.AbstractInstanceRegistry  : Running the evict task with compensationTime 0ms
2019-02-27 14:12:16.004 ERROR 11324 --- [TaskBatchingWorker-target_localhost-14] c.n.e.cluster.ReplicationTaskProcessor   : Batch update failure with HTTP status code 401; discarding 1 replication tasks
2019-02-27 14:12:16.005  WARN 11324 --- [TaskBatchingWorker-target_localhost-14] c.n.eureka.util.batcher.TaskExecutors    : Discarding 1 tasks of TaskBatchingWorker-target_localhost-14 due to permanent error
2019-02-27 14:12:17.355 ERROR 11324 --- [TaskBatchingWorker-target_localhost-5] c.n.e.cluster.ReplicationTaskProcessor   : Batch update failure with HTTP status code 401; discarding 1 replication tasks
2019-02-27 14:12:17.355  WARN 11324 --- [TaskBatchingWorker-target_localhost-5] c.n.eureka.util.batcher.TaskExecutors    : Discarding 1 tasks of TaskBatchingWorker-target_localhost-5 due to permanent error
2019-02-27 14:12:46.008 ERROR 11324 --- [TaskBatchingWorker-target_localhost-14] c.n.e.cluster.ReplicationTaskProcessor   : Batch update failure with HTTP status code 401; discarding 1 replication tasks
2019-02-27 14:12:46.008  WARN 11324 --- [TaskBatchingWorker-target_localhost-14] c.n.eureka.util.batcher.TaskExecutors    : Discarding 1 tasks of TaskBatchingWorker-target_localhost-14 due to permanent error
2019-02-27 14:12:47.364 ERROR 11324 --- [TaskBatchingWorker-target_localhost-5] c.n.e.cluster.ReplicationTaskProcessor   : Batch update failure with HTTP status code 401; discarding 1 replication tasks
2019-02-27 14:12:47.364  WARN 11324 --- [TaskBatchingWorker-target_localhost-5] c.n.eureka.util.batcher.TaskExecutors    : Discarding 1 tasks of TaskBatchingWorker-target_localhost-5 due to permanent error
2019-02-27 14:13:04.388  INFO 11324 --- [Eureka-EvictionTimer] c.n.e.registry.AbstractInstanceRegistry  : Running the evict task with compensationTime 0ms
2019-02-27 14:13:16.019 ERROR 11324 --- [TaskBatchingWorker-target_localhost-14] c.n.e.cluster.ReplicationTaskProcessor   : Batch update failure with HTTP status code 401; discarding 1 replication tasks
2019-02-27 14:13:16.019  WARN 11324 --- [TaskBatchingWorker-target_localhost-14] c.n.eureka.util.batcher.TaskExecutors    : Discarding 1 tasks of TaskBatchingWorker-target_localhost-14 due to permanent error
2019-02-27 14:13:17.373 ERROR 11324 --- [TaskBatchingWorker-target_localhost-5] c.n.e.cluster.ReplicationTaskProcessor   : Batch update failure with HTTP status code 401; discarding 1 replication tasks
2019-02-27 14:13:17.374  WARN 11324 --- [TaskBatchingWorker-target_localhost-5] c.n.eureka.util.batcher.TaskExecutors    : Discarding 1 tasks of TaskBatchingWorker-target_localhost-5 due to permanent error
2019-02-27 14:13:46.020 ERROR 11324 --- [TaskBatchingWorker-target_localhost-14] c.n.e.cluster.ReplicationTaskProcessor   : Batch update failure with HTTP status code 401; discarding 1 replication tasks
2019-02-27 14:13:46.020  WARN 11324 --- [TaskBatchingWorker-target_localhost-14] c.n.eureka.util.batcher.TaskExecutors    : Discarding 1 tasks of TaskBatchingWorker-target_localhost-14 due to permanent error
2019-02-27 14:13:47.384 ERROR 11324 --- [TaskBatchingWorker-target_localhost-5] c.n.e.cluster.ReplicationTaskProcessor   : Batch update failure with HTTP status code 401; discarding 1 replication tasks
2019-02-27 14:13:47.384  WARN 11324 --- [TaskBatchingWorker-target_localhost-5] c.n.eureka.util.batcher.TaskExecutors    : Discarding 1 tasks of TaskBatchingWorker-target_localhost-5 due to permanent error
2019-02-27 14:14:04.389  INFO 11324 --- [Eureka-EvictionTimer] c.n.e.registry.AbstractInstanceRegistry  : Running the evict task with compensationTime 0ms
2019-02-27 14:14:16.028 ERROR 11324 --- [TaskBatchingWorker-target_localhost-14] c.n.e.cluster.ReplicationTaskProcessor   : Batch update failure with HTTP status code 401; discarding 1 replication tasks
2019-02-27 14:14:16.028  WARN 11324 --- [TaskBatchingWorker-target_localhost-14] c.n.eureka.util.batcher.TaskExecutors    : Discarding 1 tasks of TaskBatchingWorker-target_localhost-14 due to permanent error
2019-02-27 14:14:17.387 ERROR 11324 --- [TaskBatchingWorker-target_localhost-5] c.n.e.cluster.ReplicationTaskProcessor   : Batch update failure with HTTP status code 401; discarding 1 replication tasks
2019-02-27 14:14:17.387  WARN 11324 --- [TaskBatchingWorker-target_localhost-5] c.n.eureka.util.batcher.TaskExecutors    : Discarding 1 tasks of TaskBatchingWorker-target_localhost-5 due to permanent error
2019-02-27 14:14:46.044 ERROR 11324 --- [TaskBatchingWorker-target_localhost-14] c.n.e.cluster.ReplicationTaskProcessor   : Batch update failure with HTTP status code 401; discarding 1 replication tasks
2019-02-27 14:14:46.044  WARN 11324 --- [TaskBatchingWorker-target_localhost-14] c.n.eureka.util.batcher.TaskExecutors    : Discarding 1 tasks of TaskBatchingWorker-target_localhost-14 due to permanent error
2019-02-27 14:14:47.394 ERROR 11324 --- [TaskBatchingWorker-target_localhost-17] c.n.e.cluster.ReplicationTaskProcessor   : Batch update failure with HTTP status code 401; discarding 1 replication tasks
2019-02-27 14:14:47.394  WARN 11324 --- [TaskBatchingWorker-target_localhost-17] c.n.eureka.util.batcher.TaskExecutors    : Discarding 1 tasks of TaskBatchingWorker-target_localhost-17 due to permanent error
2019-02-27 14:15:04.389  INFO 11324 --- [Eureka-EvictionTimer] c.n.e.registry.AbstractInstanceRegistry  : Running the evict task with compensationTime 0ms
2019-02-27 14:15:16.045 ERROR 11324 --- [TaskBatchingWorker-target_localhost-14] c.n.e.cluster.ReplicationTaskProcessor   : Batch update failure with HTTP status code 401; discarding 1 replication tasks
2019-02-27 14:15:16.046  WARN 11324 --- [TaskBatchingWorker-target_localhost-14] c.n.eureka.util.batcher.TaskExecutors    : Discarding 1 tasks of TaskBatchingWorker-target_localhost-14 due to permanent error
2019-02-27 14:15:17.404 ERROR 11324 --- [TaskBatchingWorker-target_localhost-17] c.n.e.cluster.ReplicationTaskProcessor   : Batch update failure with HTTP status code 401; discarding 1 replication tasks
2019-02-27 14:15:17.405  WARN 11324 --- [TaskBatchingWorker-target_localhost-17] c.n.eureka.util.batcher.TaskExecutors    : Discarding 1 tasks of TaskBatchingWorker-target_localhost-17 due to permanent error
2019-02-27 14:15:46.046 ERROR 11324 --- [TaskBatchingWorker-target_localhost-14] c.n.e.cluster.ReplicationTaskProcessor   : Batch update failure with HTTP status code 401; discarding 1 replication tasks
2019-02-27 14:15:46.047  WARN 11324 --- [TaskBatchingWorker-target_localhost-14] c.n.eureka.util.batcher.TaskExecutors    : Discarding 1 tasks of TaskBatchingWorker-target_localhost-14 due to permanent error
2019-02-27 14:15:47.410 ERROR 11324 --- [TaskBatchingWorker-target_localhost-17] c.n.e.cluster.ReplicationTaskProcessor   : Batch update failure with HTTP status code 401; discarding 1 replication tasks
2019-02-27 14:15:47.410  WARN 11324 --- [TaskBatchingWorker-target_localhost-17] c.n.eureka.util.batcher.TaskExecutors    : Discarding 1 tasks of TaskBatchingWorker-target_localhost-17 due to permanent error
2019-02-27 14:16:04.390  INFO 11324 --- [Eureka-EvictionTimer] c.n.e.registry.AbstractInstanceRegistry  : Running the evict task with compensationTime 0ms
2019-02-27 14:16:16.055 ERROR 11324 --- [TaskBatchingWorker-target_localhost-14] c.n.e.cluster.ReplicationTaskProcessor   : Batch update failure with HTTP status code 401; discarding 1 replication tasks
2019-02-27 14:16:16.056  WARN 11324 --- [TaskBatchingWorker-target_localhost-14] c.n.eureka.util.batcher.TaskExecutors    : Discarding 1 tasks of TaskBatchingWorker-target_localhost-14 due to permanent error
2019-02-27 14:16:17.420 ERROR 11324 --- [TaskBatchingWorker-target_localhost-13] c.n.e.cluster.ReplicationTaskProcessor   : Batch update failure with HTTP status code 401; discarding 1 replication tasks
2019-02-27 14:16:17.420  WARN 11324 --- [TaskBatchingWorker-target_localhost-13] c.n.eureka.util.batcher.TaskExecutors    : Discarding 1 tasks of TaskBatchingWorker-target_localhost-13 due to permanent error
2019-02-27 14:16:46.068 ERROR 11324 --- [TaskBatchingWorker-target_localhost-14] c.n.e.cluster.ReplicationTaskProcessor   : Batch update failure with HTTP status code 401; discarding 1 replication tasks
2019-02-27 14:16:46.068  WARN 11324 --- [TaskBatchingWorker-target_localhost-14] c.n.eureka.util.batcher.TaskExecutors    : Discarding 1 tasks of TaskBatchingWorker-target_localhost-14 due to permanent error
2019-02-27 14:16:47.420 ERROR 11324 --- [TaskBatchingWorker-target_localhost-19] c.n.e.cluster.ReplicationTaskProcessor   : Batch update failure with HTTP status code 401; discarding 1 replication tasks
2019-02-27 14:16:47.420  WARN 11324 --- [TaskBatchingWorker-target_localhost-19] c.n.eureka.util.batcher.TaskExecutors    : Discarding 1 tasks of TaskBatchingWorker-target_localhost-19 due to permanent error
2019-02-27 14:17:04.391  INFO 11324 --- [Eureka-EvictionTimer] c.n.e.registry.AbstractInstanceRegistry  : Running the evict task with compensationTime 0ms
2019-02-27 14:17:16.081 ERROR 11324 --- [TaskBatchingWorker-target_localhost-14] c.n.e.cluster.ReplicationTaskProcessor   : Batch update failure with HTTP status code 401; discarding 1 replication tasks
2019-02-27 14:17:16.082  WARN 11324 --- [TaskBatchingWorker-target_localhost-14] c.n.eureka.util.batcher.TaskExecutors    : Discarding 1 tasks of TaskBatchingWorker-target_localhost-14 due to permanent error
2019-02-27 14:17:17.437 ERROR 11324 --- [TaskBatchingWorker-target_localhost-4] c.n.e.cluster.ReplicationTaskProcessor   : Batch update failure with HTTP status code 401; discarding 1 replication tasks
2019-02-27 14:17:17.438  WARN 11324 --- [TaskBatchingWorker-target_localhost-4] c.n.eureka.util.batcher.TaskExecutors    : Discarding 1 tasks of TaskBatchingWorker-target_localhost-4 due to permanent error
2019-02-27 14:17:46.092 ERROR 11324 --- [TaskBatchingWorker-target_localhost-14] c.n.e.cluster.ReplicationTaskProcessor   : Batch update failure with HTTP status code 401; discarding 1 replication tasks
2019-02-27 14:17:46.093  WARN 11324 --- [TaskBatchingWorker-target_localhost-14] c.n.eureka.util.batcher.TaskExecutors    : Discarding 1 tasks of TaskBatchingWorker-target_localhost-14 due to permanent error
2019-02-27 14:17:47.444 ERROR 11324 --- [TaskBatchingWorker-target_localhost-15] c.n.e.cluster.ReplicationTaskProcessor   : Batch update failure with HTTP status code 401; discarding 1 replication tasks
2019-02-27 14:17:47.445  WARN 11324 --- [TaskBatchingWorker-target_localhost-15] c.n.eureka.util.batcher.TaskExecutors    : Discarding 1 tasks of TaskBatchingWorker-target_localhost-15 due to permanent error
2019-02-27 14:18:04.391  INFO 11324 --- [Eureka-EvictionTimer] c.n.e.registry.AbstractInstanceRegistry  : Running the evict task with compensationTime 0ms
2019-02-27 14:18:16.102 ERROR 11324 --- [TaskBatchingWorker-target_localhost-14] c.n.e.cluster.ReplicationTaskProcessor   : Batch update failure with HTTP status code 401; discarding 1 replication tasks
2019-02-27 14:18:16.102  WARN 11324 --- [TaskBatchingWorker-target_localhost-14] c.n.eureka.util.batcher.TaskExecutors    : Discarding 1 tasks of TaskBatchingWorker-target_localhost-14 due to permanent error
2019-02-27 14:18:17.448 ERROR 11324 --- [TaskBatchingWorker-target_localhost-12] c.n.e.cluster.ReplicationTaskProcessor   : Batch update failure with HTTP status code 401; discarding 1 replication tasks
2019-02-27 14:18:17.448  WARN 11324 --- [TaskBatchingWorker-target_localhost-12] c.n.eureka.util.batcher.TaskExecutors    : Discarding 1 tasks of TaskBatchingWorker-target_localhost-12 due to permanent error
