2018-12-16 00:21:57.793  INFO 9132 --- [main] c.S.uaaService.UaaServiceApplication     : The following profiles are active: dev
2018-12-16 00:21:57.824  INFO 9132 --- [main] ationConfigEmbeddedWebApplicationContext : Refreshing org.springframework.boot.context.embedded.AnnotationConfigEmbeddedWebApplicationContext@9596ce8: startup date [Sun Dec 16 00:21:57 CST 2018]; parent: org.springframework.context.annotation.AnnotationConfigApplicationContext@5f16132a
2018-12-16 00:21:58.765  INFO 9132 --- [main] o.s.cloud.context.scope.GenericScope     : BeanFactory id=ddc10868-6227-3754-aa3b-ed741900b8a4
2018-12-16 00:21:58.797  INFO 9132 --- [main] f.a.AutowiredAnnotationBeanPostProcessor : JSR-330 'javax.inject.Inject' annotation found and supported for autowiring
2018-12-16 00:21:58.859  INFO 9132 --- [main] trationDelegate$BeanPostProcessorChecker : Bean 'org.springframework.cloud.autoconfigure.ConfigurationPropertiesRebinderAutoConfiguration' of type [org.springframework.cloud.autoconfigure.ConfigurationPropertiesRebinderAutoConfiguration$$EnhancerBySpringCGLIB$$8b295385] is not eligible for getting processed by all BeanPostProcessors (for example: not eligible for auto-proxying)
2018-12-16 00:21:59.207  INFO 9132 --- [main] s.b.c.e.t.TomcatEmbeddedServletContainer : Tomcat initialized with port(s): 8001 (http)
2018-12-16 00:21:59.216  INFO 9132 --- [main] o.apache.catalina.core.StandardService   : Starting service [Tomcat]
2018-12-16 00:21:59.216  INFO 9132 --- [main] org.apache.catalina.core.StandardEngine  : Starting Servlet Engine: Apache Tomcat/8.5.16
2018-12-16 00:21:59.372  INFO 9132 --- [localhost-startStop-1] o.a.c.c.C.[Tomcat].[localhost].[/]       : Initializing Spring embedded WebApplicationContext
2018-12-16 00:21:59.372  INFO 9132 --- [localhost-startStop-1] o.s.web.context.ContextLoader            : Root WebApplicationContext: initialization completed in 1548 ms
2018-12-16 00:21:59.721  INFO 9132 --- [localhost-startStop-1] o.s.b.w.servlet.FilterRegistrationBean   : Mapping filter: 'metricsFilter' to: [/*]
2018-12-16 00:21:59.721  INFO 9132 --- [localhost-startStop-1] o.s.b.w.servlet.FilterRegistrationBean   : Mapping filter: 'characterEncodingFilter' to: [/*]
2018-12-16 00:21:59.721  INFO 9132 --- [localhost-startStop-1] o.s.b.w.servlet.FilterRegistrationBean   : Mapping filter: 'hiddenHttpMethodFilter' to: [/*]
2018-12-16 00:21:59.721  INFO 9132 --- [localhost-startStop-1] o.s.b.w.servlet.FilterRegistrationBean   : Mapping filter: 'httpPutFormContentFilter' to: [/*]
2018-12-16 00:21:59.721  INFO 9132 --- [localhost-startStop-1] o.s.b.w.servlet.FilterRegistrationBean   : Mapping filter: 'requestContextFilter' to: [/*]
2018-12-16 00:21:59.721  INFO 9132 --- [localhost-startStop-1] .s.DelegatingFilterProxyRegistrationBean : Mapping filter: 'springSecurityFilterChain' to: [/*]
2018-12-16 00:21:59.721  INFO 9132 --- [localhost-startStop-1] o.s.b.w.servlet.FilterRegistrationBean   : Mapping filter: 'webRequestLoggingFilter' to: [/*]
2018-12-16 00:21:59.721  INFO 9132 --- [localhost-startStop-1] o.s.b.w.servlet.FilterRegistrationBean   : Mapping filter: 'corsFilter' to: [/*]
2018-12-16 00:21:59.721  INFO 9132 --- [localhost-startStop-1] o.s.b.w.servlet.FilterRegistrationBean   : Mapping filter: 'applicationContextIdFilter' to: [/*]
2018-12-16 00:21:59.721  INFO 9132 --- [localhost-startStop-1] o.s.b.w.servlet.ServletRegistrationBean  : Mapping servlet: 'dispatcherServlet' to [/]
2018-12-16 00:21:59.831  INFO 9132 --- [main] .s.o.p.e.FrameworkEndpointHandlerMapping : Mapped "{[/oauth/authorize]}" onto public org.springframework.web.servlet.ModelAndView org.springframework.security.oauth2.provider.endpoint.AuthorizationEndpoint.authorize(java.util.Map<java.lang.String, java.lang.Object>,java.util.Map<java.lang.String, java.lang.String>,org.springframework.web.bind.support.SessionStatus,java.security.Principal)
2018-12-16 00:21:59.831  INFO 9132 --- [main] .s.o.p.e.FrameworkEndpointHandlerMapping : Mapped "{[/oauth/authorize],methods=[POST],params=[user_oauth_approval]}" onto public org.springframework.web.servlet.View org.springframework.security.oauth2.provider.endpoint.AuthorizationEndpoint.approveOrDeny(java.util.Map<java.lang.String, java.lang.String>,java.util.Map<java.lang.String, ?>,org.springframework.web.bind.support.SessionStatus,java.security.Principal)
2018-12-16 00:21:59.831  INFO 9132 --- [main] .s.o.p.e.FrameworkEndpointHandlerMapping : Mapped "{[/oauth/token],methods=[GET]}" onto public org.springframework.http.ResponseEntity<org.springframework.security.oauth2.common.OAuth2AccessToken> org.springframework.security.oauth2.provider.endpoint.TokenEndpoint.getAccessToken(java.security.Principal,java.util.Map<java.lang.String, java.lang.String>) throws org.springframework.web.HttpRequestMethodNotSupportedException
2018-12-16 00:21:59.831  INFO 9132 --- [main] .s.o.p.e.FrameworkEndpointHandlerMapping : Mapped "{[/oauth/token],methods=[POST]}" onto public org.springframework.http.ResponseEntity<org.springframework.security.oauth2.common.OAuth2AccessToken> org.springframework.security.oauth2.provider.endpoint.TokenEndpoint.postAccessToken(java.security.Principal,java.util.Map<java.lang.String, java.lang.String>) throws org.springframework.web.HttpRequestMethodNotSupportedException
2018-12-16 00:21:59.831  INFO 9132 --- [main] .s.o.p.e.FrameworkEndpointHandlerMapping : Mapped "{[/oauth/check_token]}" onto public java.util.Map<java.lang.String, ?> org.springframework.security.oauth2.provider.endpoint.CheckTokenEndpoint.checkToken(java.lang.String)
2018-12-16 00:21:59.831  INFO 9132 --- [main] .s.o.p.e.FrameworkEndpointHandlerMapping : Mapped "{[/oauth/confirm_access]}" onto public org.springframework.web.servlet.ModelAndView org.springframework.security.oauth2.provider.endpoint.WhitelabelApprovalEndpoint.getAccessConfirmation(java.util.Map<java.lang.String, java.lang.Object>,javax.servlet.http.HttpServletRequest) throws java.lang.Exception
2018-12-16 00:21:59.831  INFO 9132 --- [main] .s.o.p.e.FrameworkEndpointHandlerMapping : Mapped "{[/oauth/error]}" onto public org.springframework.web.servlet.ModelAndView org.springframework.security.oauth2.provider.endpoint.WhitelabelErrorEndpoint.handleError(javax.servlet.http.HttpServletRequest)
2018-12-16 00:22:00.096  INFO 9132 --- [main] c.n.c.sources.URLConfigurationSource     : URLs to be used as dynamic configuration source: [file:/D:/Workspaces/Git/Sugarda/SugardaManagerSystem/uaaService/target/classes/config.properties]
2018-12-16 00:22:00.096  INFO 9132 --- [main] c.n.c.sources.URLConfigurationSource     : URLs to be used as dynamic configuration source: [file:/D:/Workspaces/Git/Sugarda/SugardaManagerSystem/uaaService/target/classes/config.properties]
2018-12-16 00:22:00.216  INFO 9132 --- [main] s.w.s.m.m.a.RequestMappingHandlerAdapter : Looking for @ControllerAdvice: org.springframework.boot.context.embedded.AnnotationConfigEmbeddedWebApplicationContext@9596ce8: startup date [Sun Dec 16 00:21:57 CST 2018]; parent: org.springframework.context.annotation.AnnotationConfigApplicationContext@5f16132a
2018-12-16 00:22:00.263  INFO 9132 --- [main] s.w.s.m.m.a.RequestMappingHandlerMapping : Mapped "{[/error]}" onto public org.springframework.http.ResponseEntity<java.util.Map<java.lang.String, java.lang.Object>> org.springframework.boot.autoconfigure.web.BasicErrorController.error(javax.servlet.http.HttpServletRequest)
2018-12-16 00:22:00.263  INFO 9132 --- [main] s.w.s.m.m.a.RequestMappingHandlerMapping : Mapped "{[/error],produces=[text/html]}" onto public org.springframework.web.servlet.ModelAndView org.springframework.boot.autoconfigure.web.BasicErrorController.errorHtml(javax.servlet.http.HttpServletRequest,javax.servlet.http.HttpServletResponse)
2018-12-16 00:22:00.294  INFO 9132 --- [main] o.s.w.s.handler.SimpleUrlHandlerMapping  : Mapped URL path [/webjars/**] onto handler of type [class org.springframework.web.servlet.resource.ResourceHttpRequestHandler]
2018-12-16 00:22:00.294  INFO 9132 --- [main] o.s.w.s.handler.SimpleUrlHandlerMapping  : Mapped URL path [/**] onto handler of type [class org.springframework.web.servlet.resource.ResourceHttpRequestHandler]
2018-12-16 00:22:00.325  INFO 9132 --- [main] o.s.w.s.handler.SimpleUrlHandlerMapping  : Mapped URL path [/**/favicon.ico] onto handler of type [class org.springframework.web.servlet.resource.ResourceHttpRequestHandler]
2018-12-16 00:22:00.917  INFO 9132 --- [main] o.s.s.web.DefaultSecurityFilterChain     : Creating filter chain: OrRequestMatcher [requestMatchers=[Ant [pattern='/css/**'], Ant [pattern='/js/**'], Ant [pattern='/images/**'], Ant [pattern='/webjars/**'], Ant [pattern='/**/favicon.ico'], Ant [pattern='/error']]], []
2018-12-16 00:22:00.980  INFO 9132 --- [main] o.s.s.web.DefaultSecurityFilterChain     : Creating filter chain: OrRequestMatcher [requestMatchers=[Ant [pattern='/oauth/token'], Ant [pattern='/oauth/token_key'], Ant [pattern='/oauth/check_token']]], [org.springframework.security.web.context.request.async.WebAsyncManagerIntegrationFilter@1be77a76, org.springframework.security.web.context.SecurityContextPersistenceFilter@17136390, org.springframework.security.web.header.HeaderWriterFilter@43b6cb1c, org.springframework.security.web.authentication.logout.LogoutFilter@17003497, org.springframework.security.web.authentication.www.BasicAuthenticationFilter@7e1a9173, org.springframework.security.web.savedrequest.RequestCacheAwareFilter@6f1d799, org.springframework.security.web.servletapi.SecurityContextHolderAwareRequestFilter@64c95480, org.springframework.security.web.authentication.AnonymousAuthenticationFilter@315cf170, org.springframework.security.web.session.SessionManagementFilter@6dcbbb49, org.springframework.security.web.access.ExceptionTranslationFilter@7db162f2, org.springframework.security.web.access.intercept.FilterSecurityInterceptor@7aa3857b]
2018-12-16 00:22:00.995  INFO 9132 --- [main] o.s.s.web.DefaultSecurityFilterChain     : Creating filter chain: org.springframework.boot.actuate.autoconfigure.ManagementWebSecurityAutoConfiguration$LazyEndpointPathRequestMatcher@359865a2, [org.springframework.security.web.context.request.async.WebAsyncManagerIntegrationFilter@5d9bb69b, org.springframework.security.web.context.SecurityContextPersistenceFilter@102af1bb, org.springframework.security.web.header.HeaderWriterFilter@595ec862, org.springframework.web.filter.CorsFilter@5f314246, org.springframework.security.web.authentication.logout.LogoutFilter@77cd235b, org.springframework.security.web.authentication.www.BasicAuthenticationFilter@6f68756d, org.springframework.security.web.savedrequest.RequestCacheAwareFilter@797f97e3, org.springframework.security.web.servletapi.SecurityContextHolderAwareRequestFilter@56cd5d76, org.springframework.security.web.authentication.AnonymousAuthenticationFilter@25d0b918, org.springframework.security.web.session.SessionManagementFilter@63c84d31, org.springframework.security.web.access.ExceptionTranslationFilter@abc7005, org.springframework.security.web.access.intercept.FilterSecurityInterceptor@204b0f07]
2018-12-16 00:22:00.995  INFO 9132 --- [main] o.s.s.web.DefaultSecurityFilterChain     : Creating filter chain: OrRequestMatcher [requestMatchers=[Ant [pattern='/**']]], [org.springframework.security.web.context.request.async.WebAsyncManagerIntegrationFilter@1131aead, org.springframework.security.web.context.SecurityContextPersistenceFilter@7462ba4b, org.springframework.security.web.header.HeaderWriterFilter@54e0f76f, org.springframework.security.web.authentication.logout.LogoutFilter@627acb38, org.springframework.security.web.authentication.www.BasicAuthenticationFilter@32b95de, org.springframework.security.web.savedrequest.RequestCacheAwareFilter@4b09d1c3, org.springframework.security.web.servletapi.SecurityContextHolderAwareRequestFilter@18811c42, org.springframework.security.web.authentication.AnonymousAuthenticationFilter@7d126083, org.springframework.security.web.session.SessionManagementFilter@3fe8ad3f, org.springframework.security.web.access.ExceptionTranslationFilter@571d0925, org.springframework.security.web.access.intercept.FilterSecurityInterceptor@7ee64b53]
2018-12-16 00:22:01.244  INFO 9132 --- [main] o.s.b.a.e.mvc.EndpointHandlerMapping     : Mapped "{[/logfile || /logfile.json],methods=[GET || HEAD]}" onto public void org.springframework.boot.actuate.endpoint.mvc.LogFileMvcEndpoint.invoke(javax.servlet.http.HttpServletRequest,javax.servlet.http.HttpServletResponse) throws javax.servlet.ServletException,java.io.IOException
2018-12-16 00:22:01.245  INFO 9132 --- [main] o.s.b.a.e.mvc.EndpointHandlerMapping     : Mapped "{[/mappings || /mappings.json],methods=[GET],produces=[application/vnd.spring-boot.actuator.v1+json || application/json]}" onto public java.lang.Object org.springframework.boot.actuate.endpoint.mvc.EndpointMvcAdapter.invoke()
2018-12-16 00:22:01.246  INFO 9132 --- [main] o.s.b.a.e.mvc.EndpointHandlerMapping     : Mapped "{[/service-registry/instance-status],methods=[GET]}" onto public org.springframework.http.ResponseEntity org.springframework.cloud.client.serviceregistry.endpoint.ServiceRegistryEndpoint.getStatus()
2018-12-16 00:22:01.246  INFO 9132 --- [main] o.s.b.a.e.mvc.EndpointHandlerMapping     : Mapped "{[/service-registry/instance-status],methods=[POST]}" onto public org.springframework.http.ResponseEntity<?> org.springframework.cloud.client.serviceregistry.endpoint.ServiceRegistryEndpoint.setStatus(java.lang.String)
2018-12-16 00:22:01.246  INFO 9132 --- [main] o.s.b.a.e.mvc.EndpointHandlerMapping     : Mapped "{[/dump || /dump.json],methods=[GET],produces=[application/vnd.spring-boot.actuator.v1+json || application/json]}" onto public java.lang.Object org.springframework.boot.actuate.endpoint.mvc.EndpointMvcAdapter.invoke()
2018-12-16 00:22:01.247  INFO 9132 --- [main] o.s.b.a.e.mvc.EndpointHandlerMapping     : Mapped "{[/loggers/{name:.*}],methods=[GET],produces=[application/vnd.spring-boot.actuator.v1+json || application/json]}" onto public java.lang.Object org.springframework.boot.actuate.endpoint.mvc.LoggersMvcEndpoint.get(java.lang.String)
2018-12-16 00:22:01.247  INFO 9132 --- [main] o.s.b.a.e.mvc.EndpointHandlerMapping     : Mapped "{[/loggers/{name:.*}],methods=[POST],consumes=[application/vnd.spring-boot.actuator.v1+json || application/json],produces=[application/vnd.spring-boot.actuator.v1+json || application/json]}" onto public java.lang.Object org.springframework.boot.actuate.endpoint.mvc.LoggersMvcEndpoint.set(java.lang.String,java.util.Map<java.lang.String, java.lang.String>)
2018-12-16 00:22:01.247  INFO 9132 --- [main] o.s.b.a.e.mvc.EndpointHandlerMapping     : Mapped "{[/loggers || /loggers.json],methods=[GET],produces=[application/vnd.spring-boot.actuator.v1+json || application/json]}" onto public java.lang.Object org.springframework.boot.actuate.endpoint.mvc.EndpointMvcAdapter.invoke()
2018-12-16 00:22:01.248  INFO 9132 --- [main] o.s.b.a.e.mvc.EndpointHandlerMapping     : Mapped "{[/auditevents || /auditevents.json],methods=[GET],produces=[application/vnd.spring-boot.actuator.v1+json || application/json]}" onto public org.springframework.http.ResponseEntity<?> org.springframework.boot.actuate.endpoint.mvc.AuditEventsMvcEndpoint.findByPrincipalAndAfterAndType(java.lang.String,java.util.Date,java.lang.String)
2018-12-16 00:22:01.248  INFO 9132 --- [main] o.s.b.a.e.mvc.EndpointHandlerMapping     : Mapped "{[/metrics/{name:.*}],methods=[GET],produces=[application/vnd.spring-boot.actuator.v1+json || application/json]}" onto public java.lang.Object org.springframework.boot.actuate.endpoint.mvc.MetricsMvcEndpoint.value(java.lang.String)
2018-12-16 00:22:01.250  INFO 9132 --- [main] o.s.b.a.e.mvc.EndpointHandlerMapping     : Mapped "{[/metrics || /metrics.json],methods=[GET],produces=[application/vnd.spring-boot.actuator.v1+json || application/json]}" onto public java.lang.Object org.springframework.boot.actuate.endpoint.mvc.EndpointMvcAdapter.invoke()
2018-12-16 00:22:01.251  INFO 9132 --- [main] o.s.b.a.e.mvc.EndpointHandlerMapping     : Mapped "{[/info || /info.json],methods=[GET],produces=[application/vnd.spring-boot.actuator.v1+json || application/json]}" onto public java.lang.Object org.springframework.boot.actuate.endpoint.mvc.EndpointMvcAdapter.invoke()
2018-12-16 00:22:01.251  INFO 9132 --- [main] o.s.b.a.e.mvc.EndpointHandlerMapping     : Mapped "{[/refresh || /refresh.json],methods=[POST]}" onto public java.lang.Object org.springframework.cloud.endpoint.GenericPostableMvcEndpoint.invoke()
2018-12-16 00:22:01.252  INFO 9132 --- [main] o.s.b.a.e.mvc.EndpointHandlerMapping     : Mapped "{[/trace || /trace.json],methods=[GET],produces=[application/vnd.spring-boot.actuator.v1+json || application/json]}" onto public java.lang.Object org.springframework.boot.actuate.endpoint.mvc.EndpointMvcAdapter.invoke()
2018-12-16 00:22:01.252  INFO 9132 --- [main] o.s.b.a.e.mvc.EndpointHandlerMapping     : Mapped "{[/env/{name:.*}],methods=[GET],produces=[application/vnd.spring-boot.actuator.v1+json || application/json]}" onto public java.lang.Object org.springframework.boot.actuate.endpoint.mvc.EnvironmentMvcEndpoint.value(java.lang.String)
2018-12-16 00:22:01.252  INFO 9132 --- [main] o.s.b.a.e.mvc.EndpointHandlerMapping     : Mapped "{[/env || /env.json],methods=[GET],produces=[application/vnd.spring-boot.actuator.v1+json || application/json]}" onto public java.lang.Object org.springframework.boot.actuate.endpoint.mvc.EndpointMvcAdapter.invoke()
2018-12-16 00:22:01.254  INFO 9132 --- [main] o.s.b.a.e.mvc.EndpointHandlerMapping     : Mapped "{[/heapdump || /heapdump.json],methods=[GET],produces=[application/octet-stream]}" onto public void org.springframework.boot.actuate.endpoint.mvc.HeapdumpMvcEndpoint.invoke(boolean,javax.servlet.http.HttpServletRequest,javax.servlet.http.HttpServletResponse) throws java.io.IOException,javax.servlet.ServletException
2018-12-16 00:22:01.254  INFO 9132 --- [main] o.s.b.a.e.mvc.EndpointHandlerMapping     : Mapped "{[/env],methods=[POST]}" onto public java.lang.Object org.springframework.cloud.context.environment.EnvironmentManagerMvcEndpoint.value(java.util.Map<java.lang.String, java.lang.String>)
2018-12-16 00:22:01.254  INFO 9132 --- [main] o.s.b.a.e.mvc.EndpointHandlerMapping     : Mapped "{[/env/reset],methods=[POST]}" onto public java.util.Map<java.lang.String, java.lang.Object> org.springframework.cloud.context.environment.EnvironmentManagerMvcEndpoint.reset()
2018-12-16 00:22:01.254  INFO 9132 --- [main] o.s.b.a.e.mvc.EndpointHandlerMapping     : Mapped "{[/health || /health.json],methods=[GET],produces=[application/vnd.spring-boot.actuator.v1+json || application/json]}" onto public java.lang.Object org.springframework.boot.actuate.endpoint.mvc.HealthMvcEndpoint.invoke(javax.servlet.http.HttpServletRequest,java.security.Principal)
2018-12-16 00:22:01.255  INFO 9132 --- [main] o.s.b.a.e.mvc.EndpointHandlerMapping     : Mapped "{[/archaius || /archaius.json],methods=[GET],produces=[application/vnd.spring-boot.actuator.v1+json || application/json]}" onto public java.lang.Object org.springframework.boot.actuate.endpoint.mvc.EndpointMvcAdapter.invoke()
2018-12-16 00:22:01.255  INFO 9132 --- [main] o.s.b.a.e.mvc.EndpointHandlerMapping     : Mapped "{[/features || /features.json],methods=[GET],produces=[application/vnd.spring-boot.actuator.v1+json || application/json]}" onto public java.lang.Object org.springframework.boot.actuate.endpoint.mvc.EndpointMvcAdapter.invoke()
2018-12-16 00:22:01.255  INFO 9132 --- [main] o.s.b.a.e.mvc.EndpointHandlerMapping     : Mapped "{[/autoconfig || /autoconfig.json],methods=[GET],produces=[application/vnd.spring-boot.actuator.v1+json || application/json]}" onto public java.lang.Object org.springframework.boot.actuate.endpoint.mvc.EndpointMvcAdapter.invoke()
2018-12-16 00:22:01.255  INFO 9132 --- [main] o.s.b.a.e.mvc.EndpointHandlerMapping     : Mapped "{[/configprops || /configprops.json],methods=[GET],produces=[application/vnd.spring-boot.actuator.v1+json || application/json]}" onto public java.lang.Object org.springframework.boot.actuate.endpoint.mvc.EndpointMvcAdapter.invoke()
2018-12-16 00:22:01.256  INFO 9132 --- [main] o.s.b.a.e.mvc.EndpointHandlerMapping     : Mapped "{[/beans || /beans.json],methods=[GET],produces=[application/vnd.spring-boot.actuator.v1+json || application/json]}" onto public java.lang.Object org.springframework.boot.actuate.endpoint.mvc.EndpointMvcAdapter.invoke()
2018-12-16 00:22:01.363  INFO 9132 --- [main] com.netflix.discovery.DiscoveryClient    : Shutting down DiscoveryClient ...
2018-12-16 00:22:01.363  INFO 9132 --- [main] com.netflix.discovery.DiscoveryClient    : Completed shut down of DiscoveryClient
2018-12-16 00:22:01.363  WARN 9132 --- [main] arterDeprecationWarningAutoConfiguration : spring-cloud-starter-eureka is deprecated as of Spring Cloud Netflix 1.4.0, please migrate to spring-cloud-starter-netflix-eureka
2018-12-16 00:22:01.472  INFO 9132 --- [main] o.s.j.e.a.AnnotationMBeanExporter        : Registering beans for JMX exposure on startup
2018-12-16 00:22:01.472  INFO 9132 --- [main] o.s.j.e.a.AnnotationMBeanExporter        : Bean with name 'configurationPropertiesRebinder' has been autodetected for JMX exposure
2018-12-16 00:22:01.472  INFO 9132 --- [main] o.s.j.e.a.AnnotationMBeanExporter        : Bean with name 'refreshEndpoint' has been autodetected for JMX exposure
2018-12-16 00:22:01.472  INFO 9132 --- [main] o.s.j.e.a.AnnotationMBeanExporter        : Bean with name 'environmentManager' has been autodetected for JMX exposure
2018-12-16 00:22:01.472  INFO 9132 --- [main] o.s.j.e.a.AnnotationMBeanExporter        : Bean with name 'serviceRegistryEndpoint' has been autodetected for JMX exposure
2018-12-16 00:22:01.472  INFO 9132 --- [main] o.s.j.e.a.AnnotationMBeanExporter        : Bean with name 'refreshScope' has been autodetected for JMX exposure
2018-12-16 00:22:01.472  INFO 9132 --- [main] o.s.j.e.a.AnnotationMBeanExporter        : Located managed bean 'environmentManager': registering with JMX server as MBean [org.springframework.cloud.context.environment:name=environmentManager,type=EnvironmentManager]
2018-12-16 00:22:01.488  INFO 9132 --- [main] o.s.j.e.a.AnnotationMBeanExporter        : Located managed bean 'serviceRegistryEndpoint': registering with JMX server as MBean [org.springframework.cloud.client.serviceregistry.endpoint:name=serviceRegistryEndpoint,type=ServiceRegistryEndpoint]
2018-12-16 00:22:01.488  INFO 9132 --- [main] o.s.j.e.a.AnnotationMBeanExporter        : Located managed bean 'refreshScope': registering with JMX server as MBean [org.springframework.cloud.context.scope.refresh:name=refreshScope,type=RefreshScope]
2018-12-16 00:22:01.503  INFO 9132 --- [main] o.s.j.e.a.AnnotationMBeanExporter        : Located managed bean 'configurationPropertiesRebinder': registering with JMX server as MBean [org.springframework.cloud.context.properties:name=configurationPropertiesRebinder,context=9596ce8,type=ConfigurationPropertiesRebinder]
2018-12-16 00:22:01.503  INFO 9132 --- [main] o.s.j.e.a.AnnotationMBeanExporter        : Located managed bean 'refreshEndpoint': registering with JMX server as MBean [org.springframework.cloud.endpoint:name=refreshEndpoint,type=RefreshEndpoint]
2018-12-16 00:22:01.550  INFO 9132 --- [main] o.s.c.support.DefaultLifecycleProcessor  : Starting beans in phase 0
2018-12-16 00:22:01.566  INFO 9132 --- [main] o.s.c.n.eureka.InstanceInfoFactory       : Setting initial instance status as: STARTING
2018-12-16 00:22:01.566  INFO 9132 --- [main] com.netflix.discovery.DiscoveryClient    : Initializing Eureka in region us-east-1
2018-12-16 00:22:01.566  INFO 9132 --- [main] c.n.d.provider.DiscoveryJerseyProvider   : Using JSON encoding codec LegacyJacksonJson
2018-12-16 00:22:01.566  INFO 9132 --- [main] c.n.d.provider.DiscoveryJerseyProvider   : Using JSON decoding codec LegacyJacksonJson
2018-12-16 00:22:01.566  INFO 9132 --- [main] c.n.d.provider.DiscoveryJerseyProvider   : Using XML encoding codec XStreamXml
2018-12-16 00:22:01.566  INFO 9132 --- [main] c.n.d.provider.DiscoveryJerseyProvider   : Using XML decoding codec XStreamXml
2018-12-16 00:22:01.691  INFO 9132 --- [main] c.n.d.s.r.aws.ConfigClusterResolver      : Resolving eureka endpoints via configuration
2018-12-16 00:22:01.691  INFO 9132 --- [main] com.netflix.discovery.DiscoveryClient    : Disable delta property : false
2018-12-16 00:22:01.691  INFO 9132 --- [main] com.netflix.discovery.DiscoveryClient    : Single vip registry refresh property : null
2018-12-16 00:22:01.691  INFO 9132 --- [main] com.netflix.discovery.DiscoveryClient    : Force full registry fetch : false
2018-12-16 00:22:01.691  INFO 9132 --- [main] com.netflix.discovery.DiscoveryClient    : Application is null : false
2018-12-16 00:22:01.691  INFO 9132 --- [main] com.netflix.discovery.DiscoveryClient    : Registered Applications size is zero : true
2018-12-16 00:22:01.691  INFO 9132 --- [main] com.netflix.discovery.DiscoveryClient    : Application version is -1: true
2018-12-16 00:22:01.691  INFO 9132 --- [main] com.netflix.discovery.DiscoveryClient    : Getting all instance registry info from the eureka server
2018-12-16 00:22:01.706  INFO 9132 --- [main] com.netflix.discovery.DiscoveryClient    : The response status is 200
2018-12-16 00:22:01.706  INFO 9132 --- [main] com.netflix.discovery.DiscoveryClient    : Starting heartbeat executor: renew interval is: 30
2018-12-16 00:22:01.706  INFO 9132 --- [main] c.n.discovery.InstanceInfoReplicator     : InstanceInfoReplicator onDemand update allowed rate per min is 4
2018-12-16 00:22:01.706  INFO 9132 --- [main] com.netflix.discovery.DiscoveryClient    : Discovery Client initialized at timestamp 1544890921706 with initial instances count: 4
2018-12-16 00:22:01.706  INFO 9132 --- [main] o.s.c.n.e.s.EurekaServiceRegistry        : Registering application UAA-SERVICE with eureka with status UP
2018-12-16 00:22:01.706  INFO 9132 --- [main] com.netflix.discovery.DiscoveryClient    : Saw local status change event StatusChangeEvent [timestamp=1544890921706, current=UP, previous=STARTING]
2018-12-16 00:22:01.706  INFO 9132 --- [DiscoveryClient-InstanceInfoReplicator-0] com.netflix.discovery.DiscoveryClient    : DiscoveryClient_UAA-SERVICE/localhost:UAA-SERVICE:8001: registering service...
2018-12-16 00:22:01.738  INFO 9132 --- [DiscoveryClient-InstanceInfoReplicator-0] com.netflix.discovery.DiscoveryClient    : DiscoveryClient_UAA-SERVICE/localhost:UAA-SERVICE:8001 - registration status: 204
2018-12-16 00:22:01.784  INFO 9132 --- [main] s.b.c.e.t.TomcatEmbeddedServletContainer : Tomcat started on port(s): 8001 (http)
2018-12-16 00:22:01.784  INFO 9132 --- [main] .s.c.n.e.s.EurekaAutoServiceRegistration : Updating port to 8001
2018-12-16 00:22:01.784  INFO 9132 --- [main] c.S.uaaService.UaaServiceApplication     : Started UaaServiceApplication in 6.243 seconds (JVM running for 6.981)
2018-12-16 00:22:02.128  INFO 9132 --- [RMI TCP Connection(7)-127.0.0.1] c.c.c.ConfigServicePropertySourceLocator : Fetching config from server at: http://localhost:8888/
2018-12-16 00:22:02.264  INFO 9132 --- [RMI TCP Connection(7)-127.0.0.1] c.c.c.ConfigServicePropertySourceLocator : Located environment: name=UAA-SERVICE, profiles=[dev], label=null, version=null, state=null
2018-12-16 00:22:04.889  INFO 9132 --- [http-nio-8001-exec-1] o.a.c.c.C.[Tomcat].[localhost].[/]       : Initializing Spring FrameworkServlet 'dispatcherServlet'
2018-12-16 00:22:04.889  INFO 9132 --- [http-nio-8001-exec-1] o.s.web.servlet.DispatcherServlet        : FrameworkServlet 'dispatcherServlet': initialization started
2018-12-16 00:22:04.921  INFO 9132 --- [http-nio-8001-exec-1] o.s.web.servlet.DispatcherServlet        : FrameworkServlet 'dispatcherServlet': initialization completed in 32 ms
2018-12-16 00:27:01.705  INFO 9132 --- [AsyncResolver-bootstrap-executor-0] c.n.d.s.r.aws.ConfigClusterResolver      : Resolving eureka endpoints via configuration
2018-12-16 00:27:09.929  INFO 9132 --- [http-nio-8001-exec-1] c.c.c.ConfigServicePropertySourceLocator : Fetching config from server at: http://localhost:8888/
2018-12-16 00:27:10.070  INFO 9132 --- [http-nio-8001-exec-1] c.c.c.ConfigServicePropertySourceLocator : Located environment: name=UAA-SERVICE, profiles=[dev], label=null, version=null, state=null
2018-12-16 00:29:57.270  INFO 9132 --- [http-nio-8001-exec-2] o.s.s.o.provider.endpoint.TokenEndpoint  : Handling error: HttpRequestMethodNotSupportedException, Request method 'GET' not supported
2018-12-16 00:30:02.871  INFO 9132 --- [http-nio-8001-exec-3] o.s.s.o.provider.endpoint.TokenEndpoint  : Handling error: InvalidRequestException, Missing grant type
2018-12-16 00:30:38.768  INFO 9132 --- [http-nio-8001-exec-10] o.s.s.o.provider.endpoint.TokenEndpoint  : Handling error: InvalidRequestException, Missing grant type
2018-12-16 00:32:01.718  INFO 9132 --- [AsyncResolver-bootstrap-executor-0] c.n.d.s.r.aws.ConfigClusterResolver      : Resolving eureka endpoints via configuration
2018-12-16 00:32:10.156  INFO 9132 --- [http-nio-8001-exec-6] c.c.c.ConfigServicePropertySourceLocator : Fetching config from server at: http://localhost:8888/
2018-12-16 00:32:10.297  INFO 9132 --- [http-nio-8001-exec-6] c.c.c.ConfigServicePropertySourceLocator : Located environment: name=UAA-SERVICE, profiles=[dev], label=null, version=null, state=null
2018-12-16 00:37:01.733  INFO 9132 --- [AsyncResolver-bootstrap-executor-0] c.n.d.s.r.aws.ConfigClusterResolver      : Resolving eureka endpoints via configuration
2018-12-16 00:37:30.062  INFO 9132 --- [http-nio-8001-exec-5] c.c.c.ConfigServicePropertySourceLocator : Fetching config from server at: http://localhost:8888/
2018-12-16 00:37:30.209  INFO 9132 --- [http-nio-8001-exec-5] c.c.c.ConfigServicePropertySourceLocator : Located environment: name=UAA-SERVICE, profiles=[dev], label=null, version=null, state=null
